Copyright 1986-2019 Xilinx, Inc. All Rights Reserved.
-------------------------------------------------------------------------------------
| Tool Version : Vivado v.2019.1 (win64) Build 2552052 Fri May 24 14:49:42 MDT 2019
| Date         : Wed May 25 21:45:57 2022
| Host         : MSI running 64-bit major release  (build 9200)
| Command      : report_control_sets -verbose -file toplevel_control_sets_placed.rpt
| Design       : toplevel
| Device       : xc7a35t
-------------------------------------------------------------------------------------

Control Set Information

Table of Contents
-----------------
1. Summary
2. Histogram
3. Flip-Flop Distribution
4. Detailed Control Set Information

1. Summary
----------

+----------------------------------------------------------+-------+
|                          Status                          | Count |
+----------------------------------------------------------+-------+
| Total control sets                                       |    41 |
|    Minimum number of control sets                        |    41 |
|    Addition due to synthesis replication                 |     0 |
|    Addition due to physical synthesis replication        |     0 |
| Unused register locations in slices containing registers |   160 |
+----------------------------------------------------------+-------+
* Control sets can be merged at opt_design using control_set_merge or merge_equivalent_drivers
** Run report_qor_suggestions for automated merging and remapping suggestions


2. Histogram
------------

+--------------------+-------+
|       Fanout       | Count |
+--------------------+-------+
| Total control sets |    41 |
| >= 0 to < 4        |     0 |
| >= 4 to < 6        |    40 |
| >= 6 to < 8        |     0 |
| >= 8 to < 10       |     0 |
| >= 10 to < 12      |     0 |
| >= 12 to < 14      |     0 |
| >= 14 to < 16      |     0 |
| >= 16              |     1 |
+--------------------+-------+
* Control sets can be remapped at either synth_design or opt_design


3. Flip-Flop Distribution
-------------------------

+--------------+-----------------------+------------------------+-----------------+--------------+
| Clock Enable | Synchronous Set/Reset | Asynchronous Set/Reset | Total Registers | Total Slices |
+--------------+-----------------------+------------------------+-----------------+--------------+
| No           | No                    | No                     |              44 |           19 |
| No           | No                    | Yes                    |               0 |            0 |
| No           | Yes                   | No                     |               0 |            0 |
| Yes          | No                    | No                     |             148 |           69 |
| Yes          | No                    | Yes                    |               0 |            0 |
| Yes          | Yes                   | No                     |               0 |            0 |
+--------------+-----------------------+------------------------+-----------------+--------------+


4. Detailed Control Set Information
-----------------------------------

+---------------------------------+-----------------------------------------+------------------+------------------+----------------+
|           Clock Signal          |              Enable Signal              | Set/Reset Signal | Slice Load Count | Bel Load Count |
+---------------------------------+-----------------------------------------+------------------+------------------+----------------+
|  not_so_slow/slowclk/clk_out    | cactta3/frogcount/cnt8to11/cloud        |                  |                2 |              4 |
|  not_so_slow/slowclk/clk_out    | screen/Hori/cnt4to7/cloud               |                  |                1 |              4 |
|  not_so_slow/slowclk/clk_out    | screen/Hori/cnt4to7/flip1_1             |                  |                2 |              4 |
|  not_so_slow/slowclk/clk_out    | screen/Hori/cnt8to11/cloud_0            |                  |                2 |              4 |
|  not_so_slow/slowclk/clk_out    | cactta2/frogcount/cnt0to3/cloud_2       |                  |                3 |              4 |
|  not_so_slow/slowclk/clk_out    | cactta2/frogcount/cnt0to3/cloud_1       |                  |                3 |              4 |
|  not_so_slow/slowclk/clk_out    | statemachine/cloud_10                   |                  |                1 |              4 |
|  not_so_slow/slowclk/clk_out    | statemachine/cloud_12                   |                  |                2 |              4 |
|  not_so_slow/slowclk/clk_out    | statemachine/cloud                      |                  |                2 |              4 |
|  not_so_slow/slowclk/clk_out    | statemachine/cloud_2                    |                  |                2 |              4 |
|  not_so_slow/slowclk/clk_out    | statemachine/cloud_11                   |                  |                2 |              4 |
|  not_so_slow/slowclk/clk_out    | statemachine/cloud_3                    |                  |                2 |              4 |
|  not_so_slow/slowclk/clk_out    | statemachine/cloud_8                    |                  |                1 |              4 |
|  not_so_slow/slowclk/clk_out    | cactta1/frogcount/cnt0to3/cloud_2       |                  |                2 |              4 |
|  not_so_slow/slowclk/clk_out    | cactta1/frogcount/cnt4to7/cloud         |                  |                3 |              4 |
|  not_so_slow/slowclk/clk_out    | cactta1/frogcount/cnt8to11/cloud        |                  |                2 |              4 |
|  not_so_slow/slowclk/clk_out    | cactta2/frogcount/cnt8to11/cloud        |                  |                1 |              4 |
|  not_so_slow/slowclk/clk_out    | cactta3/frogcount/cnt0to3/cloud_1       |                  |                2 |              4 |
|  not_so_slow/slowclk/clk_out    | scoreCount/cnt8to11/cloud               |                  |                1 |              4 |
|  not_so_slow/slowclk/clk_out    | cactta3/frogcount/cnt4to7/cloud         |                  |                2 |              4 |
|  not_so_slow/slowclk/clk_out    | screen/Vert/cnt4to7/cloud               |                  |                2 |              4 |
|  not_so_slow/slowclk/clk_out    | blinkTimer/cnt0to3/cloud_0              |                  |                2 |              4 |
|  not_so_slow/slowclk/clk_out    | scoreCount/cnt0to3/cloud_0              |                  |                2 |              4 |
|  not_so_slow/slowclk/clk_out    | scoreCount/cnt0to3/flip3_2              |                  |                1 |              4 |
|  not_so_slow/slowclk/clk_out    | screen/Hori/cnt0to3/cloud               |                  |                3 |              4 |
|  not_so_slow/slowclk/clk_out    | not_so_slow/slowclk/XLXI_38/I_36_31_n_0 |                  |                2 |              4 |
|  not_so_slow/slowclk/clk_out    | not_so_slow/slowclk/XLXI_39/CEO         |                  |                2 |              4 |
|  not_so_slow/slowclk/clk_out    | timer/cnt0to3/cloud                     |                  |                2 |              4 |
|  not_so_slow/slowclk/clk_out    | timer/cnt4to7/flip0_0                   |                  |                2 |              4 |
|  not_so_slow/slowclk/clk_out    | timer/cnt8to11/cloud                    |                  |                2 |              4 |
|  not_so_slow/slowclk/clk_out    | not_so_slow/slowclk/XLXI_40/CEO         |                  |                2 |              4 |
|  not_so_slow/slowclk/clk_out    | not_so_slow/slowclk/XLXI_45/CEO         |                  |                1 |              4 |
|  not_so_slow/slowclk/clk_out    | frogga/frogcount/cnt8to11/cloud         |                  |                2 |              4 |
|  not_so_slow/slowclk/clk_out    | screen/Vert/cnt8to11/cloud              |                  |                2 |              4 |
|  not_so_slow/slowclk/clk_out    | screen/Vert/cnt0to3/sm1                 |                  |                1 |              4 |
|  not_so_slow/slowclk/clk_out    | screen/Vert/cnt0to3/cloud               |                  |                2 |              4 |
|  not_so_slow/slowclk/clk_out    | screen/Vert/cnt0to3/cloud_1             |                  |                1 |              4 |
|  cactta1/frogcount/cnt0to3/E[0] |                                         |                  |                2 |              5 |
|  cactta3/frogcount/cnt0to3/E[0] |                                         |                  |                2 |              5 |
|  cactta2/frogcount/cnt0to3/E[0] |                                         |                  |                2 |              5 |
|  not_so_slow/slowclk/clk_out    |                                         |                  |               13 |             29 |
+---------------------------------+-----------------------------------------+------------------+------------------+----------------+


