INFO: [VRFC 10-2263] Analyzing Verilog file "C:/Users/Bulls/Desktop/lab_4/lab_4.srcs/sources_1/new/Edge_detect.v" into library xil_defaultlib
INFO: [VRFC 10-311] analyzing module Edge_detect
INFO: [VRFC 10-2263] Analyzing Verilog file "C:/Users/Bulls/Desktop/lab_4/lab_4.srcs/sources_1/new/Ring_Counter.v" into library xil_defaultlib
INFO: [VRFC 10-311] analyzing module Ring_Counter
INFO: [VRFC 10-2263] Analyzing Verilog file "C:/Users/Bulls/Desktop/lab_4/lab_4.srcs/sources_1/new/Selector.v" into library xil_defaultlib
INFO: [VRFC 10-311] analyzing module Selector
INFO: [VRFC 10-2263] Analyzing Verilog file "C:/Users/Bulls/Desktop/lab_4/lab_4.srcs/sources_1/imports/new/SevSeg.v" into library xil_defaultlib
INFO: [VRFC 10-311] analyzing module SevSeg
INFO: [VRFC 10-2263] Analyzing Verilog file "C:/Users/Bulls/Desktop/lab_4/lab_4.srcs/sources_1/new/Toplevel.v" into library xil_defaultlib
INFO: [VRFC 10-311] analyzing module Toplevel
INFO: [VRFC 10-2263] Analyzing Verilog file "C:/Users/Bulls/Desktop/lab_4/lab_4.srcs/sources_1/new/countUD16L.v" into library xil_defaultlib
INFO: [VRFC 10-311] analyzing module countUD16L
INFO: [VRFC 10-2263] Analyzing Verilog file "C:/Users/Bulls/Desktop/lab_4/lab_4.srcs/sources_1/new/countUD4L.v" into library xil_defaultlib
INFO: [VRFC 10-311] analyzing module countUD4L
INFO: [VRFC 10-2263] Analyzing Verilog file "C:/Users/Bulls/Desktop/lab_4/lab_4.srcs/sources_1/imports/Desktop/lab4_clks.v" into library xil_defaultlib
INFO: [VRFC 10-311] analyzing module lab4_clks
INFO: [VRFC 10-311] analyzing module clk_wiz_0
INFO: [VRFC 10-311] analyzing module clkcntrl4
INFO: [VRFC 10-311] analyzing module FTCE_MXILINX_clkcntrl4
INFO: [VRFC 10-311] analyzing module CB4CE_MXILINX_clkcntrl4
INFO: [VRFC 10-2263] Analyzing Verilog file "C:/Users/Bulls/Desktop/lab_4/lab_4.srcs/sources_1/imports/new/m8_1.v" into library xil_defaultlib
INFO: [VRFC 10-311] analyzing module m8_1
INFO: [VRFC 10-2263] Analyzing Verilog file "C:/Users/Bulls/Desktop/lab_4/lab_4.srcs/sim_1/imports/Desktop/testTC.v" into library xil_defaultlib
INFO: [VRFC 10-311] analyzing module testTC
INFO: [VRFC 10-311] analyzing module show_7segDisplay
