#-----------------------------------------------------------
# Vivado v2019.1 (64-bit)
# SW Build 2552052 on Fri May 24 14:49:42 MDT 2019
# IP Build 2548770 on Fri May 24 18:01:18 MDT 2019
# Start of session at: Thu Jun  2 21:01:09 2022
# Process ID: 17556
# Current directory: C:/Users/Bulls/Desktop/lab7_athome
# Command line: vivado.exe -gui_launcher_event rodinguilauncherevent24800 C:\Users\Bulls\Desktop\lab7_athome\lab7_athome.xpr
# Log file: C:/Users/Bulls/Desktop/lab7_athome/vivado.log
# Journal file: C:/Users/Bulls/Desktop/lab7_athome\vivado.jou
#-----------------------------------------------------------
start_gui
open_project C:/Users/Bulls/Desktop/lab7_athome/lab7_athome.xpr
Scanning sources...
Finished scanning sources
INFO: [IP_Flow 19-234] Refreshing IP repositories
INFO: [IP_Flow 19-1704] No user IP repositories specified
INFO: [IP_Flow 19-2313] Loaded Vivado IP repository 'C:/Xilinx/Vivado/2019.1/data/ip'.
open_project: Time (s): cpu = 00:00:15 ; elapsed = 00:00:07 . Memory (MB): peak = 748.848 ; gain = 74.090
update_compile_order -fileset sources_1
synth_design -rtl -name rtl_1
Command: synth_design -rtl -name rtl_1
Starting synth_design
Using part: xc7a35tcpg236-1
Top: toplevel
INFO: [Device 21-403] Loading part xc7a35tcpg236-1
---------------------------------------------------------------------------------
Starting RTL Elaboration : Time (s): cpu = 00:00:03 ; elapsed = 00:00:03 . Memory (MB): peak = 1186.449 ; gain = 135.930
---------------------------------------------------------------------------------
INFO: [Synth 8-6157] synthesizing module 'toplevel' [C:/Users/Bulls/Desktop/lab7_athome/lab7_athome.srcs/sources_1/new/toplevel.v:23]
INFO: [Synth 8-6157] synthesizing module 'lab7_clks' [C:/Users/Bulls/Desktop/lab7_athome/lab7_athome.srcs/sources_1/imports/Desktop/lab7_clks.v:24]
INFO: [Synth 8-6157] synthesizing module 'clk_wiz_0' [C:/Users/Bulls/Desktop/lab7_athome/lab7_athome.srcs/sources_1/imports/Desktop/lab7_clks.v:57]
INFO: [Synth 8-6157] synthesizing module 'IBUF' [C:/Xilinx/Vivado/2019.1/scripts/rt/data/unisim_comp.v:32856]
	Parameter CAPACITANCE bound to: DONT_CARE - type: string 
	Parameter IBUF_DELAY_VALUE bound to: 0 - type: string 
	Parameter IBUF_LOW_PWR bound to: TRUE - type: string 
	Parameter IFD_DELAY_VALUE bound to: AUTO - type: string 
	Parameter IOSTANDARD bound to: DEFAULT - type: string 
INFO: [Synth 8-6155] done synthesizing module 'IBUF' (1#1) [C:/Xilinx/Vivado/2019.1/scripts/rt/data/unisim_comp.v:32856]
INFO: [Synth 8-6157] synthesizing module 'MMCME2_ADV' [C:/Xilinx/Vivado/2019.1/scripts/rt/data/unisim_comp.v:39813]
	Parameter BANDWIDTH bound to: OPTIMIZED - type: string 
	Parameter CLKFBOUT_MULT_F bound to: 9.125000 - type: float 
	Parameter CLKFBOUT_PHASE bound to: 0.000000 - type: float 
	Parameter CLKFBOUT_USE_FINE_PS bound to: FALSE - type: string 
	Parameter CLKIN1_PERIOD bound to: 10.000000 - type: float 
	Parameter CLKIN2_PERIOD bound to: 0.000000 - type: float 
	Parameter CLKOUT0_DIVIDE_F bound to: 36.500000 - type: float 
	Parameter CLKOUT0_DUTY_CYCLE bound to: 0.500000 - type: float 
	Parameter CLKOUT0_PHASE bound to: 0.000000 - type: float 
	Parameter CLKOUT0_USE_FINE_PS bound to: FALSE - type: string 
	Parameter CLKOUT1_DIVIDE bound to: 1 - type: integer 
	Parameter CLKOUT1_DUTY_CYCLE bound to: 0.500000 - type: float 
	Parameter CLKOUT1_PHASE bound to: 0.000000 - type: float 
	Parameter CLKOUT1_USE_FINE_PS bound to: FALSE - type: string 
	Parameter CLKOUT2_DIVIDE bound to: 1 - type: integer 
	Parameter CLKOUT2_DUTY_CYCLE bound to: 0.500000 - type: float 
	Parameter CLKOUT2_PHASE bound to: 0.000000 - type: float 
	Parameter CLKOUT2_USE_FINE_PS bound to: FALSE - type: string 
	Parameter CLKOUT3_DIVIDE bound to: 1 - type: integer 
	Parameter CLKOUT3_DUTY_CYCLE bound to: 0.500000 - type: float 
	Parameter CLKOUT3_PHASE bound to: 0.000000 - type: float 
	Parameter CLKOUT3_USE_FINE_PS bound to: FALSE - type: string 
	Parameter CLKOUT4_CASCADE bound to: FALSE - type: string 
	Parameter CLKOUT4_DIVIDE bound to: 1 - type: integer 
	Parameter CLKOUT4_DUTY_CYCLE bound to: 0.500000 - type: float 
	Parameter CLKOUT4_PHASE bound to: 0.000000 - type: float 
	Parameter CLKOUT4_USE_FINE_PS bound to: FALSE - type: string 
	Parameter CLKOUT5_DIVIDE bound to: 1 - type: integer 
	Parameter CLKOUT5_DUTY_CYCLE bound to: 0.500000 - type: float 
	Parameter CLKOUT5_PHASE bound to: 0.000000 - type: float 
	Parameter CLKOUT5_USE_FINE_PS bound to: FALSE - type: string 
	Parameter CLKOUT6_DIVIDE bound to: 1 - type: integer 
	Parameter CLKOUT6_DUTY_CYCLE bound to: 0.500000 - type: float 
	Parameter CLKOUT6_PHASE bound to: 0.000000 - type: float 
	Parameter CLKOUT6_USE_FINE_PS bound to: FALSE - type: string 
	Parameter COMPENSATION bound to: ZHOLD - type: string 
	Parameter DIVCLK_DIVIDE bound to: 1 - type: integer 
	Parameter IS_CLKINSEL_INVERTED bound to: 1'b0 
	Parameter IS_PSEN_INVERTED bound to: 1'b0 
	Parameter IS_PSINCDEC_INVERTED bound to: 1'b0 
	Parameter IS_PWRDWN_INVERTED bound to: 1'b0 
	Parameter IS_RST_INVERTED bound to: 1'b0 
	Parameter REF_JITTER1 bound to: 0.010000 - type: float 
	Parameter REF_JITTER2 bound to: 0.010000 - type: float 
	Parameter SS_EN bound to: FALSE - type: string 
	Parameter SS_MODE bound to: CENTER_HIGH - type: string 
	Parameter SS_MOD_PERIOD bound to: 10000 - type: integer 
	Parameter STARTUP_WAIT bound to: FALSE - type: string 
INFO: [Synth 8-6155] done synthesizing module 'MMCME2_ADV' (2#1) [C:/Xilinx/Vivado/2019.1/scripts/rt/data/unisim_comp.v:39813]
INFO: [Synth 8-6157] synthesizing module 'BUFG' [C:/Xilinx/Vivado/2019.1/scripts/rt/data/unisim_comp.v:1075]
INFO: [Synth 8-6155] done synthesizing module 'BUFG' (3#1) [C:/Xilinx/Vivado/2019.1/scripts/rt/data/unisim_comp.v:1075]
INFO: [Synth 8-6155] done synthesizing module 'clk_wiz_0' (4#1) [C:/Users/Bulls/Desktop/lab7_athome/lab7_athome.srcs/sources_1/imports/Desktop/lab7_clks.v:57]
INFO: [Synth 8-6157] synthesizing module 'clkcntrl4' [C:/Users/Bulls/Desktop/lab7_athome/lab7_athome.srcs/sources_1/imports/Desktop/lab7_clks.v:190]
INFO: [Synth 8-6157] synthesizing module 'CB4CE_MXILINX_clkcntrl4' [C:/Users/Bulls/Desktop/lab7_athome/lab7_athome.srcs/sources_1/imports/Desktop/lab7_clks.v:306]
INFO: [Synth 8-6157] synthesizing module 'FTCE_MXILINX_clkcntrl4' [C:/Users/Bulls/Desktop/lab7_athome/lab7_athome.srcs/sources_1/imports/Desktop/lab7_clks.v:276]
	Parameter INIT bound to: 1'b0 
INFO: [Synth 8-6157] synthesizing module 'XOR2' [C:/Xilinx/Vivado/2019.1/scripts/rt/data/unisim_comp.v:81988]
INFO: [Synth 8-6155] done synthesizing module 'XOR2' (5#1) [C:/Xilinx/Vivado/2019.1/scripts/rt/data/unisim_comp.v:81988]
INFO: [Synth 8-6157] synthesizing module 'FDCE' [C:/Xilinx/Vivado/2019.1/scripts/rt/data/unisim_comp.v:13448]
	Parameter INIT bound to: 1'b0 
	Parameter IS_CLR_INVERTED bound to: 1'b0 
	Parameter IS_C_INVERTED bound to: 1'b0 
	Parameter IS_D_INVERTED bound to: 1'b0 
INFO: [Synth 8-6155] done synthesizing module 'FDCE' (6#1) [C:/Xilinx/Vivado/2019.1/scripts/rt/data/unisim_comp.v:13448]
INFO: [Synth 8-6155] done synthesizing module 'FTCE_MXILINX_clkcntrl4' (7#1) [C:/Users/Bulls/Desktop/lab7_athome/lab7_athome.srcs/sources_1/imports/Desktop/lab7_clks.v:276]
INFO: [Synth 8-6157] synthesizing module 'AND4' [C:/Xilinx/Vivado/2019.1/scripts/rt/data/unisim_comp.v:562]
INFO: [Synth 8-6155] done synthesizing module 'AND4' (8#1) [C:/Xilinx/Vivado/2019.1/scripts/rt/data/unisim_comp.v:562]
INFO: [Synth 8-6157] synthesizing module 'AND3' [C:/Xilinx/Vivado/2019.1/scripts/rt/data/unisim_comp.v:514]
INFO: [Synth 8-6155] done synthesizing module 'AND3' (9#1) [C:/Xilinx/Vivado/2019.1/scripts/rt/data/unisim_comp.v:514]
INFO: [Synth 8-6157] synthesizing module 'AND2' [C:/Xilinx/Vivado/2019.1/scripts/rt/data/unisim_comp.v:466]
INFO: [Synth 8-6155] done synthesizing module 'AND2' (10#1) [C:/Xilinx/Vivado/2019.1/scripts/rt/data/unisim_comp.v:466]
INFO: [Synth 8-6157] synthesizing module 'VCC' [C:/Xilinx/Vivado/2019.1/scripts/rt/data/unisim_comp.v:81391]
INFO: [Synth 8-6155] done synthesizing module 'VCC' (11#1) [C:/Xilinx/Vivado/2019.1/scripts/rt/data/unisim_comp.v:81391]
INFO: [Synth 8-6155] done synthesizing module 'CB4CE_MXILINX_clkcntrl4' (12#1) [C:/Users/Bulls/Desktop/lab7_athome/lab7_athome.srcs/sources_1/imports/Desktop/lab7_clks.v:306]
INFO: [Synth 8-6157] synthesizing module 'BUF' [C:/Xilinx/Vivado/2019.1/scripts/rt/data/unisim_comp.v:1021]
INFO: [Synth 8-6155] done synthesizing module 'BUF' (13#1) [C:/Xilinx/Vivado/2019.1/scripts/rt/data/unisim_comp.v:1021]
WARNING: [Synth 8-3848] Net qsec in module/entity clkcntrl4 does not have driver. [C:/Users/Bulls/Desktop/lab7_athome/lab7_athome.srcs/sources_1/imports/Desktop/lab7_clks.v:194]
INFO: [Synth 8-6155] done synthesizing module 'clkcntrl4' (14#1) [C:/Users/Bulls/Desktop/lab7_athome/lab7_athome.srcs/sources_1/imports/Desktop/lab7_clks.v:190]
WARNING: [Synth 8-4446] all outputs are unconnected for this instance and logic may be removed [C:/Users/Bulls/Desktop/lab7_athome/lab7_athome.srcs/sources_1/imports/Desktop/lab7_clks.v:40]
INFO: [Synth 8-6157] synthesizing module 'STARTUPE2' [C:/Xilinx/Vivado/2019.1/scripts/rt/data/unisim_comp.v:77870]
	Parameter PROG_USR bound to: FALSE - type: string 
	Parameter SIM_CCLK_FREQ bound to: 0.000000 - type: float 
INFO: [Synth 8-6155] done synthesizing module 'STARTUPE2' (15#1) [C:/Xilinx/Vivado/2019.1/scripts/rt/data/unisim_comp.v:77870]
INFO: [Synth 8-6155] done synthesizing module 'lab7_clks' (16#1) [C:/Users/Bulls/Desktop/lab7_athome/lab7_athome.srcs/sources_1/imports/Desktop/lab7_clks.v:24]
WARNING: [Synth 8-7023] instance 'not_so_slow' of module 'lab7_clks' has 5 connections declared, but only 4 given [C:/Users/Bulls/Desktop/lab7_athome/lab7_athome.srcs/sources_1/new/toplevel.v:49]
INFO: [Synth 8-6157] synthesizing module 'vga_setup' [C:/Users/Bulls/Desktop/lab7_athome/lab7_athome.srcs/sources_1/new/vga_setup.v:23]
INFO: [Synth 8-6157] synthesizing module 'countUD16L' [C:/Users/Bulls/Desktop/lab7_athome/lab7_athome.srcs/sources_1/imports/new/countUD16L.v:23]
INFO: [Synth 8-6157] synthesizing module 'countUD4L' [C:/Users/Bulls/Desktop/lab7_athome/lab7_athome.srcs/sources_1/imports/new/countUD4L.v:23]
INFO: [Synth 8-6157] synthesizing module 'FDRE' [C:/Xilinx/Vivado/2019.1/scripts/rt/data/unisim_comp.v:13664]
	Parameter INIT bound to: 1'b0 
	Parameter IS_C_INVERTED bound to: 1'b0 
	Parameter IS_D_INVERTED bound to: 1'b0 
	Parameter IS_R_INVERTED bound to: 1'b0 
INFO: [Synth 8-6155] done synthesizing module 'FDRE' (17#1) [C:/Xilinx/Vivado/2019.1/scripts/rt/data/unisim_comp.v:13664]
WARNING: [Synth 8-7023] instance 'flip3' of module 'FDRE' has 5 connections declared, but only 4 given [C:/Users/Bulls/Desktop/lab7_athome/lab7_athome.srcs/sources_1/imports/new/countUD4L.v:65]
WARNING: [Synth 8-7023] instance 'flip2' of module 'FDRE' has 5 connections declared, but only 4 given [C:/Users/Bulls/Desktop/lab7_athome/lab7_athome.srcs/sources_1/imports/new/countUD4L.v:66]
WARNING: [Synth 8-7023] instance 'flip1' of module 'FDRE' has 5 connections declared, but only 4 given [C:/Users/Bulls/Desktop/lab7_athome/lab7_athome.srcs/sources_1/imports/new/countUD4L.v:67]
WARNING: [Synth 8-7023] instance 'flip0' of module 'FDRE' has 5 connections declared, but only 4 given [C:/Users/Bulls/Desktop/lab7_athome/lab7_athome.srcs/sources_1/imports/new/countUD4L.v:68]
INFO: [Synth 8-6155] done synthesizing module 'countUD4L' (18#1) [C:/Users/Bulls/Desktop/lab7_athome/lab7_athome.srcs/sources_1/imports/new/countUD4L.v:23]
INFO: [Synth 8-6155] done synthesizing module 'countUD16L' (19#1) [C:/Users/Bulls/Desktop/lab7_athome/lab7_athome.srcs/sources_1/imports/new/countUD16L.v:23]
WARNING: [Synth 8-7023] instance 'Hori' of module 'countUD16L' has 8 connections declared, but only 6 given [C:/Users/Bulls/Desktop/lab7_athome/lab7_athome.srcs/sources_1/new/vga_setup.v:64]
WARNING: [Synth 8-7023] instance 'Vert' of module 'countUD16L' has 8 connections declared, but only 6 given [C:/Users/Bulls/Desktop/lab7_athome/lab7_athome.srcs/sources_1/new/vga_setup.v:65]
INFO: [Synth 8-6155] done synthesizing module 'vga_setup' (20#1) [C:/Users/Bulls/Desktop/lab7_athome/lab7_athome.srcs/sources_1/new/vga_setup.v:23]
INFO: [Synth 8-6157] synthesizing module 'synchronizer' [C:/Users/Bulls/Desktop/lab7_athome/lab7_athome.srcs/sources_1/imports/new/synchronizer.v:23]
INFO: [Synth 8-6155] done synthesizing module 'synchronizer' (21#1) [C:/Users/Bulls/Desktop/lab7_athome/lab7_athome.srcs/sources_1/imports/new/synchronizer.v:23]
INFO: [Synth 8-6157] synthesizing module 'water' [C:/Users/Bulls/Desktop/lab7_athome/lab7_athome.srcs/sources_1/new/water.v:23]
INFO: [Synth 8-6155] done synthesizing module 'water' (22#1) [C:/Users/Bulls/Desktop/lab7_athome/lab7_athome.srcs/sources_1/new/water.v:23]
INFO: [Synth 8-6157] synthesizing module 'frog' [C:/Users/Bulls/Desktop/lab7_athome/lab7_athome.srcs/sources_1/new/frog.v:23]
WARNING: [Synth 8-7023] instance 'frogcount' of module 'countUD16L' has 8 connections declared, but only 6 given [C:/Users/Bulls/Desktop/lab7_athome/lab7_athome.srcs/sources_1/new/frog.v:37]
INFO: [Synth 8-6155] done synthesizing module 'frog' (23#1) [C:/Users/Bulls/Desktop/lab7_athome/lab7_athome.srcs/sources_1/new/frog.v:23]
INFO: [Synth 8-6157] synthesizing module 'cactus' [C:/Users/Bulls/Desktop/lab7_athome/lab7_athome.srcs/sources_1/new/cactus.v:23]
WARNING: [Synth 8-7023] instance 'frogcount' of module 'countUD16L' has 8 connections declared, but only 6 given [C:/Users/Bulls/Desktop/lab7_athome/lab7_athome.srcs/sources_1/new/cactus.v:59]
INFO: [Synth 8-6155] done synthesizing module 'cactus' (24#1) [C:/Users/Bulls/Desktop/lab7_athome/lab7_athome.srcs/sources_1/new/cactus.v:23]
INFO: [Synth 8-6157] synthesizing module 'col' [C:/Users/Bulls/Desktop/lab7_athome/lab7_athome.srcs/sources_1/new/colision.v:23]
INFO: [Synth 8-6155] done synthesizing module 'col' (25#1) [C:/Users/Bulls/Desktop/lab7_athome/lab7_athome.srcs/sources_1/new/colision.v:23]
INFO: [Synth 8-6157] synthesizing module 'SM' [C:/Users/Bulls/Desktop/lab7_athome/lab7_athome.srcs/sources_1/new/SM.v:23]
INFO: [Synth 8-6157] synthesizing module 'FDRE__parameterized0' [C:/Xilinx/Vivado/2019.1/scripts/rt/data/unisim_comp.v:13664]
	Parameter INIT bound to: 1'b1 
	Parameter IS_C_INVERTED bound to: 1'b0 
	Parameter IS_D_INVERTED bound to: 1'b0 
	Parameter IS_R_INVERTED bound to: 1'b0 
INFO: [Synth 8-6155] done synthesizing module 'FDRE__parameterized0' (25#1) [C:/Xilinx/Vivado/2019.1/scripts/rt/data/unisim_comp.v:13664]
WARNING: [Synth 8-7023] instance 'sm0' of module 'FDRE' has 5 connections declared, but only 4 given [C:/Users/Bulls/Desktop/lab7_athome/lab7_athome.srcs/sources_1/new/SM.v:70]
WARNING: [Synth 8-7023] instance 'sm1' of module 'FDRE' has 5 connections declared, but only 4 given [C:/Users/Bulls/Desktop/lab7_athome/lab7_athome.srcs/sources_1/new/SM.v:71]
WARNING: [Synth 8-7023] instance 'sm2' of module 'FDRE' has 5 connections declared, but only 4 given [C:/Users/Bulls/Desktop/lab7_athome/lab7_athome.srcs/sources_1/new/SM.v:72]
WARNING: [Synth 8-7023] instance 'sm3' of module 'FDRE' has 5 connections declared, but only 4 given [C:/Users/Bulls/Desktop/lab7_athome/lab7_athome.srcs/sources_1/new/SM.v:73]
WARNING: [Synth 8-7023] instance 'sm4' of module 'FDRE' has 5 connections declared, but only 4 given [C:/Users/Bulls/Desktop/lab7_athome/lab7_athome.srcs/sources_1/new/SM.v:74]
WARNING: [Synth 8-7023] instance 'sm5' of module 'FDRE' has 5 connections declared, but only 4 given [C:/Users/Bulls/Desktop/lab7_athome/lab7_athome.srcs/sources_1/new/SM.v:75]
WARNING: [Synth 8-7023] instance 'sm6' of module 'FDRE' has 5 connections declared, but only 4 given [C:/Users/Bulls/Desktop/lab7_athome/lab7_athome.srcs/sources_1/new/SM.v:76]
WARNING: [Synth 8-7023] instance 'sm7' of module 'FDRE' has 5 connections declared, but only 4 given [C:/Users/Bulls/Desktop/lab7_athome/lab7_athome.srcs/sources_1/new/SM.v:77]
WARNING: [Synth 8-7023] instance 'sm8' of module 'FDRE' has 5 connections declared, but only 4 given [C:/Users/Bulls/Desktop/lab7_athome/lab7_athome.srcs/sources_1/new/SM.v:78]
WARNING: [Synth 8-7023] instance 'sm9' of module 'FDRE' has 5 connections declared, but only 4 given [C:/Users/Bulls/Desktop/lab7_athome/lab7_athome.srcs/sources_1/new/SM.v:79]
INFO: [Synth 8-6155] done synthesizing module 'SM' (26#1) [C:/Users/Bulls/Desktop/lab7_athome/lab7_athome.srcs/sources_1/new/SM.v:23]
WARNING: [Synth 8-7023] instance 'timer' of module 'countUD16L' has 8 connections declared, but only 6 given [C:/Users/Bulls/Desktop/lab7_athome/lab7_athome.srcs/sources_1/new/toplevel.v:96]
WARNING: [Synth 8-7023] instance 'blinkTimer' of module 'countUD16L' has 8 connections declared, but only 6 given [C:/Users/Bulls/Desktop/lab7_athome/lab7_athome.srcs/sources_1/new/toplevel.v:98]
INFO: [Synth 8-6157] synthesizing module 'RNG' [C:/Users/Bulls/Desktop/lab7_athome/lab7_athome.srcs/sources_1/imports/new/RNG.v:23]
WARNING: [Synth 8-7023] instance 'flip0' of module 'FDRE' has 5 connections declared, but only 4 given [C:/Users/Bulls/Desktop/lab7_athome/lab7_athome.srcs/sources_1/imports/new/RNG.v:36]
WARNING: [Synth 8-7023] instance 'flip1' of module 'FDRE' has 5 connections declared, but only 4 given [C:/Users/Bulls/Desktop/lab7_athome/lab7_athome.srcs/sources_1/imports/new/RNG.v:37]
WARNING: [Synth 8-7023] instance 'flip2' of module 'FDRE' has 5 connections declared, but only 4 given [C:/Users/Bulls/Desktop/lab7_athome/lab7_athome.srcs/sources_1/imports/new/RNG.v:38]
WARNING: [Synth 8-7023] instance 'flip3' of module 'FDRE' has 5 connections declared, but only 4 given [C:/Users/Bulls/Desktop/lab7_athome/lab7_athome.srcs/sources_1/imports/new/RNG.v:39]
WARNING: [Synth 8-7023] instance 'flip4' of module 'FDRE' has 5 connections declared, but only 4 given [C:/Users/Bulls/Desktop/lab7_athome/lab7_athome.srcs/sources_1/imports/new/RNG.v:40]
WARNING: [Synth 8-7023] instance 'flip5' of module 'FDRE' has 5 connections declared, but only 4 given [C:/Users/Bulls/Desktop/lab7_athome/lab7_athome.srcs/sources_1/imports/new/RNG.v:41]
WARNING: [Synth 8-7023] instance 'flip6' of module 'FDRE' has 5 connections declared, but only 4 given [C:/Users/Bulls/Desktop/lab7_athome/lab7_athome.srcs/sources_1/imports/new/RNG.v:42]
WARNING: [Synth 8-7023] instance 'flip7' of module 'FDRE' has 5 connections declared, but only 4 given [C:/Users/Bulls/Desktop/lab7_athome/lab7_athome.srcs/sources_1/imports/new/RNG.v:43]
INFO: [Synth 8-6155] done synthesizing module 'RNG' (27#1) [C:/Users/Bulls/Desktop/lab7_athome/lab7_athome.srcs/sources_1/imports/new/RNG.v:23]
WARNING: [Synth 8-7023] instance 'scoreCount' of module 'countUD16L' has 8 connections declared, but only 6 given [C:/Users/Bulls/Desktop/lab7_athome/lab7_athome.srcs/sources_1/new/toplevel.v:128]
INFO: [Synth 8-6157] synthesizing module 'Ring_Counter' [C:/Users/Bulls/Desktop/lab7_athome/lab7_athome.srcs/sources_1/imports/new/Ring_Counter.v:23]
WARNING: [Synth 8-7023] instance 'count0' of module 'FDRE' has 5 connections declared, but only 4 given [C:/Users/Bulls/Desktop/lab7_athome/lab7_athome.srcs/sources_1/imports/new/Ring_Counter.v:32]
WARNING: [Synth 8-7023] instance 'count1' of module 'FDRE' has 5 connections declared, but only 4 given [C:/Users/Bulls/Desktop/lab7_athome/lab7_athome.srcs/sources_1/imports/new/Ring_Counter.v:33]
WARNING: [Synth 8-7023] instance 'count2' of module 'FDRE' has 5 connections declared, but only 4 given [C:/Users/Bulls/Desktop/lab7_athome/lab7_athome.srcs/sources_1/imports/new/Ring_Counter.v:34]
WARNING: [Synth 8-7023] instance 'count3' of module 'FDRE' has 5 connections declared, but only 4 given [C:/Users/Bulls/Desktop/lab7_athome/lab7_athome.srcs/sources_1/imports/new/Ring_Counter.v:35]
INFO: [Synth 8-6155] done synthesizing module 'Ring_Counter' (28#1) [C:/Users/Bulls/Desktop/lab7_athome/lab7_athome.srcs/sources_1/imports/new/Ring_Counter.v:23]
INFO: [Synth 8-6157] synthesizing module 'Selector' [C:/Users/Bulls/Desktop/lab7_athome/lab7_athome.srcs/sources_1/imports/new/Selector.v:23]
INFO: [Synth 8-6155] done synthesizing module 'Selector' (29#1) [C:/Users/Bulls/Desktop/lab7_athome/lab7_athome.srcs/sources_1/imports/new/Selector.v:23]
INFO: [Synth 8-6157] synthesizing module 'SevSeg' [C:/Users/Bulls/Desktop/lab7_athome/lab7_athome.srcs/sources_1/imports/new/SevSeg.v:23]
INFO: [Synth 8-6157] synthesizing module 'm8_1' [C:/Users/Bulls/Desktop/lab7_athome/lab7_athome.srcs/sources_1/imports/new/m8_1.v:23]
INFO: [Synth 8-6155] done synthesizing module 'm8_1' (30#1) [C:/Users/Bulls/Desktop/lab7_athome/lab7_athome.srcs/sources_1/imports/new/m8_1.v:23]
INFO: [Synth 8-6155] done synthesizing module 'SevSeg' (31#1) [C:/Users/Bulls/Desktop/lab7_athome/lab7_athome.srcs/sources_1/imports/new/SevSeg.v:23]
INFO: [Synth 8-6155] done synthesizing module 'toplevel' (32#1) [C:/Users/Bulls/Desktop/lab7_athome/lab7_athome.srcs/sources_1/new/toplevel.v:23]
WARNING: [Synth 8-3917] design toplevel has port dp driven by constant 1
WARNING: [Synth 8-3331] design clkcntrl4 has unconnected port qsec
---------------------------------------------------------------------------------
Finished RTL Elaboration : Time (s): cpu = 00:00:04 ; elapsed = 00:00:05 . Memory (MB): peak = 1229.215 ; gain = 178.695
---------------------------------------------------------------------------------

Report Check Netlist: 
+------+------------------+-------+---------+-------+------------------+
|      |Item              |Errors |Warnings |Status |Description       |
+------+------------------+-------+---------+-------+------------------+
|1     |multi_driven_nets |      0|        0|Passed |Multi driven nets |
+------+------------------+-------+---------+-------+------------------+
---------------------------------------------------------------------------------
Start Handling Custom Attributes
---------------------------------------------------------------------------------
---------------------------------------------------------------------------------
Finished Handling Custom Attributes : Time (s): cpu = 00:00:05 ; elapsed = 00:00:05 . Memory (MB): peak = 1229.215 ; gain = 178.695
---------------------------------------------------------------------------------
---------------------------------------------------------------------------------
Finished RTL Optimization Phase 1 : Time (s): cpu = 00:00:05 ; elapsed = 00:00:05 . Memory (MB): peak = 1229.215 ; gain = 178.695
---------------------------------------------------------------------------------
INFO: [Netlist 29-17] Analyzing 51 Unisim elements for replacement
INFO: [Netlist 29-28] Unisim Transformation completed in 0 CPU seconds
INFO: [Project 1-570] Preparing netlist for logic optimization
INFO: [Opt 31-140] Inserted 21 IBUFs to IO ports without IO buffers.
INFO: [Opt 31-141] Inserted 17 OBUFs to IO ports without IO buffers.

Processing XDC Constraints
Initializing timing engine
Parsing XDC File [C:/Users/Bulls/Desktop/lab7_athome/lab7_athome.srcs/constrs_1/imports/Desktop/Basys3_Master.xdc]
Finished Parsing XDC File [C:/Users/Bulls/Desktop/lab7_athome/lab7_athome.srcs/constrs_1/imports/Desktop/Basys3_Master.xdc]
Completed Processing XDC Constraints

INFO: [Opt 31-138] Pushed 0 inverter(s) to 0 load pin(s).
Netlist sorting complete. Time (s): cpu = 00:00:00 ; elapsed = 00:00:00.001 . Memory (MB): peak = 1375.430 ; gain = 0.000
INFO: [Project 1-111] Unisim Transformation Summary:
  A total of 49 instances were transformed.
  AND2 => LUT2: 12 instances
  AND3 => LUT3: 6 instances
  AND4 => LUT4: 6 instances
  BUF => LUT1: 1 instances
  XOR2 => LUT2: 24 instances

RTL Elaboration Complete:  : Time (s): cpu = 00:00:19 ; elapsed = 00:00:11 . Memory (MB): peak = 1451.035 ; gain = 400.516
74 Infos, 38 Warnings, 0 Critical Warnings and 0 Errors encountered.
synth_design completed successfully
synth_design: Time (s): cpu = 00:00:25 ; elapsed = 00:00:17 . Memory (MB): peak = 1451.035 ; gain = 639.410
