#-----------------------------------------------------------
# Vivado v2019.1 (64-bit)
# SW Build 2552052 on Fri May 24 14:49:42 MDT 2019
# IP Build 2548770 on Fri May 24 18:01:18 MDT 2019
# Start of session at: Wed May 25 14:53:10 2022
# Process ID: 13124
# Current directory: C:/Users/Bulls/Desktop/lab7_athome
# Command line: vivado.exe -gui_launcher_event rodinguilauncherevent11164 C:\Users\Bulls\Desktop\lab7_athome\lab7_athome.xpr
# Log file: C:/Users/Bulls/Desktop/lab7_athome/vivado.log
# Journal file: C:/Users/Bulls/Desktop/lab7_athome\vivado.jou
#-----------------------------------------------------------
start_gui
open_project C:/Users/Bulls/Desktop/lab7_athome/lab7_athome.xpr
Scanning sources...
Finished scanning sources
INFO: [IP_Flow 19-234] Refreshing IP repositories
INFO: [IP_Flow 19-1704] No user IP repositories specified
INFO: [IP_Flow 19-2313] Loaded Vivado IP repository 'C:/Xilinx/Vivado/2019.1/data/ip'.
open_project: Time (s): cpu = 00:00:14 ; elapsed = 00:00:07 . Memory (MB): peak = 748.496 ; gain = 80.582
update_compile_order -fileset sources_1
reset_run synth_1
launch_runs impl_1
[Wed May 25 16:34:03 2022] Launched synth_1...
Run output will be captured here: C:/Users/Bulls/Desktop/lab7_athome/lab7_athome.runs/synth_1/runme.log
[Wed May 25 16:34:03 2022] Launched impl_1...
Run output will be captured here: C:/Users/Bulls/Desktop/lab7_athome/lab7_athome.runs/impl_1/runme.log
launch_runs impl_1 -to_step write_bitstream
[Wed May 25 16:36:21 2022] Launched impl_1...
Run output will be captured here: C:/Users/Bulls/Desktop/lab7_athome/lab7_athome.runs/impl_1/runme.log
open_hw
connect_hw_server
INFO: [Labtools 27-2285] Connecting to hw_server url TCP:localhost:3121
INFO: [Labtools 27-2222] Launching hw_server...
INFO: [Labtools 27-2221] Launch Output:

****** Xilinx hw_server v2019.1
  **** Build date : May 24 2019 at 15:13:31
    ** Copyright 1986-2019 Xilinx, Inc. All Rights Reserved.


open_hw_target
INFO: [Labtoolstcl 44-466] Opening hw_target localhost:3121/xilinx_tcf/Digilent/210183ACAA52A
set_property PROGRAM.FILE {C:/Users/Bulls/Desktop/lab7_athome/lab7_athome.runs/impl_1/toplevel.bit} [get_hw_devices xc7a35t_0]
current_hw_device [get_hw_devices xc7a35t_0]
refresh_hw_device -update_hw_probes false [lindex [get_hw_devices xc7a35t_0] 0]
INFO: [Labtools 27-1435] Device xc7a35t (JTAG device index = 0) is not programmed (DONE status = 0).
set_property PROBES.FILE {} [get_hw_devices xc7a35t_0]
set_property FULL_PROBES.FILE {} [get_hw_devices xc7a35t_0]
set_property PROGRAM.FILE {C:/Users/Bulls/Desktop/lab7_athome/lab7_athome.runs/impl_1/toplevel.bit} [get_hw_devices xc7a35t_0]
program_hw_devices [get_hw_devices xc7a35t_0]
INFO: [Labtools 27-3164] End of startup status: HIGH
refresh_hw_device [lindex [get_hw_devices xc7a35t_0] 0]
INFO: [Labtools 27-1434] Device xc7a35t (JTAG device index = 0) is programmed with a design that has no supported debug core(s) in it.
close_hw
reset_run synth_1
launch_runs impl_1
[Wed May 25 16:41:55 2022] Launched synth_1...
Run output will be captured here: C:/Users/Bulls/Desktop/lab7_athome/lab7_athome.runs/synth_1/runme.log
[Wed May 25 16:41:55 2022] Launched impl_1...
Run output will be captured here: C:/Users/Bulls/Desktop/lab7_athome/lab7_athome.runs/impl_1/runme.log
launch_runs impl_1 -to_step write_bitstream
[Wed May 25 16:43:25 2022] Launched impl_1...
Run output will be captured here: C:/Users/Bulls/Desktop/lab7_athome/lab7_athome.runs/impl_1/runme.log
open_hw
connect_hw_server
INFO: [Labtools 27-2285] Connecting to hw_server url TCP:localhost:3121
INFO: [Labtools 27-2222] Launching hw_server...
INFO: [Labtools 27-2221] Launch Output:

****** Xilinx hw_server v2019.1
  **** Build date : May 24 2019 at 15:13:31
    ** Copyright 1986-2019 Xilinx, Inc. All Rights Reserved.


open_hw_target
INFO: [Labtoolstcl 44-466] Opening hw_target localhost:3121/xilinx_tcf/Digilent/210183ACAA52A
set_property PROGRAM.FILE {C:/Users/Bulls/Desktop/lab7_athome/lab7_athome.runs/impl_1/toplevel.bit} [get_hw_devices xc7a35t_0]
current_hw_device [get_hw_devices xc7a35t_0]
refresh_hw_device -update_hw_probes false [lindex [get_hw_devices xc7a35t_0] 0]
INFO: [Labtools 27-1434] Device xc7a35t (JTAG device index = 0) is programmed with a design that has no supported debug core(s) in it.
set_property PROBES.FILE {} [get_hw_devices xc7a35t_0]
set_property FULL_PROBES.FILE {} [get_hw_devices xc7a35t_0]
set_property PROGRAM.FILE {C:/Users/Bulls/Desktop/lab7_athome/lab7_athome.runs/impl_1/toplevel.bit} [get_hw_devices xc7a35t_0]
program_hw_devices [get_hw_devices xc7a35t_0]
INFO: [Labtools 27-3164] End of startup status: HIGH
refresh_hw_device [lindex [get_hw_devices xc7a35t_0] 0]
INFO: [Labtools 27-1434] Device xc7a35t (JTAG device index = 0) is programmed with a design that has no supported debug core(s) in it.
reset_run synth_1
launch_runs impl_1 -to_step write_bitstream
[Wed May 25 16:47:23 2022] Launched synth_1...
Run output will be captured here: C:/Users/Bulls/Desktop/lab7_athome/lab7_athome.runs/synth_1/runme.log
[Wed May 25 16:47:23 2022] Launched impl_1...
Run output will be captured here: C:/Users/Bulls/Desktop/lab7_athome/lab7_athome.runs/impl_1/runme.log
set_property PROBES.FILE {} [get_hw_devices xc7a35t_0]
set_property FULL_PROBES.FILE {} [get_hw_devices xc7a35t_0]
set_property PROGRAM.FILE {C:/Users/Bulls/Desktop/lab7_athome/lab7_athome.runs/impl_1/toplevel.bit} [get_hw_devices xc7a35t_0]
program_hw_devices [get_hw_devices xc7a35t_0]
INFO: [Labtools 27-3164] End of startup status: HIGH
refresh_hw_device [lindex [get_hw_devices xc7a35t_0] 0]
INFO: [Labtools 27-1434] Device xc7a35t (JTAG device index = 0) is programmed with a design that has no supported debug core(s) in it.
reset_run synth_1
launch_runs impl_1 -to_step write_bitstream
[Wed May 25 16:53:33 2022] Launched synth_1...
Run output will be captured here: C:/Users/Bulls/Desktop/lab7_athome/lab7_athome.runs/synth_1/runme.log
[Wed May 25 16:53:33 2022] Launched impl_1...
Run output will be captured here: C:/Users/Bulls/Desktop/lab7_athome/lab7_athome.runs/impl_1/runme.log
open_run impl_1
INFO: [Device 21-403] Loading part xc7a35tcpg236-1
INFO: [Common 17-41] Interrupt caught. Command should exit soon.
INFO: [Netlist 29-17] Analyzing 18 Unisim elements for replacement
INFO: [Netlist 29-28] Unisim Transformation completed in 0 CPU seconds
INFO: [Project 1-479] Netlist was created with Vivado 2019.1
open_run: Time (s): cpu = 00:00:08 ; elapsed = 00:00:08 . Memory (MB): peak = 2229.391 ; gain = 200.555
INFO: [Common 17-344] 'open_run' was cancelled
set_property PROBES.FILE {} [get_hw_devices xc7a35t_0]
set_property FULL_PROBES.FILE {} [get_hw_devices xc7a35t_0]
set_property PROGRAM.FILE {C:/Users/Bulls/Desktop/lab7_athome/lab7_athome.runs/impl_1/toplevel.bit} [get_hw_devices xc7a35t_0]
program_hw_devices [get_hw_devices xc7a35t_0]
INFO: [Labtools 27-3164] End of startup status: HIGH
refresh_hw_device [lindex [get_hw_devices xc7a35t_0] 0]
INFO: [Labtools 27-1434] Device xc7a35t (JTAG device index = 0) is programmed with a design that has no supported debug core(s) in it.
reset_run synth_1
launch_runs impl_1 -to_step write_bitstream
[Wed May 25 16:56:42 2022] Launched synth_1...
Run output will be captured here: C:/Users/Bulls/Desktop/lab7_athome/lab7_athome.runs/synth_1/runme.log
[Wed May 25 16:56:42 2022] Launched impl_1...
Run output will be captured here: C:/Users/Bulls/Desktop/lab7_athome/lab7_athome.runs/impl_1/runme.log
set_property PROBES.FILE {} [get_hw_devices xc7a35t_0]
set_property FULL_PROBES.FILE {} [get_hw_devices xc7a35t_0]
set_property PROGRAM.FILE {C:/Users/Bulls/Desktop/lab7_athome/lab7_athome.runs/impl_1/toplevel.bit} [get_hw_devices xc7a35t_0]
program_hw_devices [get_hw_devices xc7a35t_0]
INFO: [Labtools 27-3164] End of startup status: HIGH
refresh_hw_device [lindex [get_hw_devices xc7a35t_0] 0]
INFO: [Labtools 27-1434] Device xc7a35t (JTAG device index = 0) is programmed with a design that has no supported debug core(s) in it.
reset_run impl_1 -prev_step 
launch_runs impl_1 -to_step write_bitstream
WARNING: [Vivado 12-872] Run step 'Design Initialization' is out-of-date.
[Wed May 25 17:07:24 2022] Launched impl_1...
Run output will be captured here: C:/Users/Bulls/Desktop/lab7_athome/lab7_athome.runs/impl_1/runme.log
set_property PROBES.FILE {} [get_hw_devices xc7a35t_0]
set_property FULL_PROBES.FILE {} [get_hw_devices xc7a35t_0]
set_property PROGRAM.FILE {C:/Users/Bulls/Desktop/lab7_athome/lab7_athome.runs/impl_1/toplevel.bit} [get_hw_devices xc7a35t_0]
program_hw_devices [get_hw_devices xc7a35t_0]
INFO: [Labtools 27-3164] End of startup status: HIGH
refresh_hw_device [lindex [get_hw_devices xc7a35t_0] 0]
INFO: [Labtools 27-1434] Device xc7a35t (JTAG device index = 0) is programmed with a design that has no supported debug core(s) in it.
reset_run synth_1
launch_runs impl_1 -to_step write_bitstream
[Wed May 25 17:08:44 2022] Launched synth_1...
Run output will be captured here: C:/Users/Bulls/Desktop/lab7_athome/lab7_athome.runs/synth_1/runme.log
[Wed May 25 17:08:44 2022] Launched impl_1...
Run output will be captured here: C:/Users/Bulls/Desktop/lab7_athome/lab7_athome.runs/impl_1/runme.log
set_property PROBES.FILE {} [get_hw_devices xc7a35t_0]
set_property FULL_PROBES.FILE {} [get_hw_devices xc7a35t_0]
set_property PROGRAM.FILE {C:/Users/Bulls/Desktop/lab7_athome/lab7_athome.runs/impl_1/toplevel.bit} [get_hw_devices xc7a35t_0]
program_hw_devices [get_hw_devices xc7a35t_0]
INFO: [Labtools 27-3164] End of startup status: HIGH
refresh_hw_device [lindex [get_hw_devices xc7a35t_0] 0]
INFO: [Labtools 27-1434] Device xc7a35t (JTAG device index = 0) is programmed with a design that has no supported debug core(s) in it.
reset_run synth_1
launch_runs impl_1 -to_step write_bitstream
[Wed May 25 17:11:31 2022] Launched synth_1...
Run output will be captured here: C:/Users/Bulls/Desktop/lab7_athome/lab7_athome.runs/synth_1/runme.log
[Wed May 25 17:11:31 2022] Launched impl_1...
Run output will be captured here: C:/Users/Bulls/Desktop/lab7_athome/lab7_athome.runs/impl_1/runme.log
set_property PROBES.FILE {} [get_hw_devices xc7a35t_0]
set_property FULL_PROBES.FILE {} [get_hw_devices xc7a35t_0]
set_property PROGRAM.FILE {C:/Users/Bulls/Desktop/lab7_athome/lab7_athome.runs/impl_1/toplevel.bit} [get_hw_devices xc7a35t_0]
program_hw_devices [get_hw_devices xc7a35t_0]
INFO: [Labtools 27-3164] End of startup status: HIGH
refresh_hw_device [lindex [get_hw_devices xc7a35t_0] 0]
INFO: [Labtools 27-1434] Device xc7a35t (JTAG device index = 0) is programmed with a design that has no supported debug core(s) in it.
reset_run synth_1
launch_runs impl_1 -to_step write_bitstream
[Wed May 25 17:19:17 2022] Launched synth_1...
Run output will be captured here: C:/Users/Bulls/Desktop/lab7_athome/lab7_athome.runs/synth_1/runme.log
[Wed May 25 17:19:17 2022] Launched impl_1...
Run output will be captured here: C:/Users/Bulls/Desktop/lab7_athome/lab7_athome.runs/impl_1/runme.log
set_property PROBES.FILE {} [get_hw_devices xc7a35t_0]
set_property FULL_PROBES.FILE {} [get_hw_devices xc7a35t_0]
set_property PROGRAM.FILE {C:/Users/Bulls/Desktop/lab7_athome/lab7_athome.runs/impl_1/toplevel.bit} [get_hw_devices xc7a35t_0]
program_hw_devices [get_hw_devices xc7a35t_0]
INFO: [Labtools 27-3164] End of startup status: HIGH
refresh_hw_device [lindex [get_hw_devices xc7a35t_0] 0]
INFO: [Labtools 27-1434] Device xc7a35t (JTAG device index = 0) is programmed with a design that has no supported debug core(s) in it.
close_hw
reset_run synth_1
launch_runs impl_1 -to_step write_bitstream
[Wed May 25 17:26:26 2022] Launched synth_1...
Run output will be captured here: C:/Users/Bulls/Desktop/lab7_athome/lab7_athome.runs/synth_1/runme.log
[Wed May 25 17:26:26 2022] Launched impl_1...
Run output will be captured here: C:/Users/Bulls/Desktop/lab7_athome/lab7_athome.runs/impl_1/runme.log
open_hw
connect_hw_server
INFO: [Labtools 27-2285] Connecting to hw_server url TCP:localhost:3121
INFO: [Labtools 27-2222] Launching hw_server...
INFO: [Labtools 27-2221] Launch Output:

****** Xilinx hw_server v2019.1
  **** Build date : May 24 2019 at 15:13:31
    ** Copyright 1986-2019 Xilinx, Inc. All Rights Reserved.


open_hw_target
INFO: [Labtoolstcl 44-466] Opening hw_target localhost:3121/xilinx_tcf/Digilent/210183ACAA52A
set_property PROGRAM.FILE {C:/Users/Bulls/Desktop/lab7_athome/lab7_athome.runs/impl_1/toplevel.bit} [get_hw_devices xc7a35t_0]
current_hw_device [get_hw_devices xc7a35t_0]
refresh_hw_device -update_hw_probes false [lindex [get_hw_devices xc7a35t_0] 0]
INFO: [Labtools 27-1434] Device xc7a35t (JTAG device index = 0) is programmed with a design that has no supported debug core(s) in it.
set_property PROBES.FILE {} [get_hw_devices xc7a35t_0]
set_property FULL_PROBES.FILE {} [get_hw_devices xc7a35t_0]
set_property PROGRAM.FILE {C:/Users/Bulls/Desktop/lab7_athome/lab7_athome.runs/impl_1/toplevel.bit} [get_hw_devices xc7a35t_0]
program_hw_devices [get_hw_devices xc7a35t_0]
INFO: [Labtools 27-3164] End of startup status: HIGH
refresh_hw_device [lindex [get_hw_devices xc7a35t_0] 0]
INFO: [Labtools 27-1434] Device xc7a35t (JTAG device index = 0) is programmed with a design that has no supported debug core(s) in it.
reset_run synth_1
launch_runs impl_1 -to_step write_bitstream
[Wed May 25 17:29:04 2022] Launched synth_1...
Run output will be captured here: C:/Users/Bulls/Desktop/lab7_athome/lab7_athome.runs/synth_1/runme.log
[Wed May 25 17:29:04 2022] Launched impl_1...
Run output will be captured here: C:/Users/Bulls/Desktop/lab7_athome/lab7_athome.runs/impl_1/runme.log
set_property PROBES.FILE {} [get_hw_devices xc7a35t_0]
set_property FULL_PROBES.FILE {} [get_hw_devices xc7a35t_0]
set_property PROGRAM.FILE {C:/Users/Bulls/Desktop/lab7_athome/lab7_athome.runs/impl_1/toplevel.bit} [get_hw_devices xc7a35t_0]
program_hw_devices [get_hw_devices xc7a35t_0]
INFO: [Labtools 27-3164] End of startup status: HIGH
refresh_hw_device [lindex [get_hw_devices xc7a35t_0] 0]
INFO: [Labtools 27-1434] Device xc7a35t (JTAG device index = 0) is programmed with a design that has no supported debug core(s) in it.
reset_run synth_1
launch_runs impl_1 -to_step write_bitstream
[Wed May 25 17:33:44 2022] Launched synth_1...
Run output will be captured here: C:/Users/Bulls/Desktop/lab7_athome/lab7_athome.runs/synth_1/runme.log
[Wed May 25 17:33:44 2022] Launched impl_1...
Run output will be captured here: C:/Users/Bulls/Desktop/lab7_athome/lab7_athome.runs/impl_1/runme.log
set_property PROBES.FILE {} [get_hw_devices xc7a35t_0]
set_property FULL_PROBES.FILE {} [get_hw_devices xc7a35t_0]
set_property PROGRAM.FILE {C:/Users/Bulls/Desktop/lab7_athome/lab7_athome.runs/impl_1/toplevel.bit} [get_hw_devices xc7a35t_0]
program_hw_devices [get_hw_devices xc7a35t_0]
INFO: [Labtools 27-3164] End of startup status: HIGH
refresh_hw_device [lindex [get_hw_devices xc7a35t_0] 0]
INFO: [Labtools 27-1434] Device xc7a35t (JTAG device index = 0) is programmed with a design that has no supported debug core(s) in it.
close_hw
reset_run synth_1
launch_runs impl_1 -to_step write_bitstream
[Wed May 25 18:04:13 2022] Launched synth_1...
Run output will be captured here: C:/Users/Bulls/Desktop/lab7_athome/lab7_athome.runs/synth_1/runme.log
[Wed May 25 18:04:14 2022] Launched impl_1...
Run output will be captured here: C:/Users/Bulls/Desktop/lab7_athome/lab7_athome.runs/impl_1/runme.log
open_hw
connect_hw_server
INFO: [Labtools 27-2285] Connecting to hw_server url TCP:localhost:3121
INFO: [Labtools 27-2222] Launching hw_server...
INFO: [Labtools 27-2221] Launch Output:

****** Xilinx hw_server v2019.1
  **** Build date : May 24 2019 at 15:13:31
    ** Copyright 1986-2019 Xilinx, Inc. All Rights Reserved.


open_hw_target
INFO: [Labtoolstcl 44-466] Opening hw_target localhost:3121/xilinx_tcf/Digilent/210183ACAA52A
set_property PROGRAM.FILE {C:/Users/Bulls/Desktop/lab7_athome/lab7_athome.runs/impl_1/toplevel.bit} [get_hw_devices xc7a35t_0]
current_hw_device [get_hw_devices xc7a35t_0]
refresh_hw_device -update_hw_probes false [lindex [get_hw_devices xc7a35t_0] 0]
INFO: [Labtools 27-1435] Device xc7a35t (JTAG device index = 0) is not programmed (DONE status = 0).
set_property PROBES.FILE {} [get_hw_devices xc7a35t_0]
set_property FULL_PROBES.FILE {} [get_hw_devices xc7a35t_0]
set_property PROGRAM.FILE {C:/Users/Bulls/Desktop/lab7_athome/lab7_athome.runs/impl_1/toplevel.bit} [get_hw_devices xc7a35t_0]
program_hw_devices [get_hw_devices xc7a35t_0]
INFO: [Labtools 27-3164] End of startup status: HIGH
refresh_hw_device [lindex [get_hw_devices xc7a35t_0] 0]
INFO: [Labtools 27-1434] Device xc7a35t (JTAG device index = 0) is programmed with a design that has no supported debug core(s) in it.
reset_run synth_1
launch_runs impl_1 -to_step write_bitstream
[Wed May 25 18:11:12 2022] Launched synth_1...
Run output will be captured here: C:/Users/Bulls/Desktop/lab7_athome/lab7_athome.runs/synth_1/runme.log
[Wed May 25 18:11:12 2022] Launched impl_1...
Run output will be captured here: C:/Users/Bulls/Desktop/lab7_athome/lab7_athome.runs/impl_1/runme.log
reset_run synth_1
launch_runs impl_1 -to_step write_bitstream
[Wed May 25 18:13:26 2022] Launched synth_1...
Run output will be captured here: C:/Users/Bulls/Desktop/lab7_athome/lab7_athome.runs/synth_1/runme.log
[Wed May 25 18:13:26 2022] Launched impl_1...
Run output will be captured here: C:/Users/Bulls/Desktop/lab7_athome/lab7_athome.runs/impl_1/runme.log
reset_run synth_1
launch_runs impl_1 -to_step write_bitstream
[Wed May 25 18:15:30 2022] Launched synth_1...
Run output will be captured here: C:/Users/Bulls/Desktop/lab7_athome/lab7_athome.runs/synth_1/runme.log
[Wed May 25 18:15:30 2022] Launched impl_1...
Run output will be captured here: C:/Users/Bulls/Desktop/lab7_athome/lab7_athome.runs/impl_1/runme.log
reset_run synth_1
launch_runs impl_1 -to_step write_bitstream
[Wed May 25 18:16:12 2022] Launched synth_1...
Run output will be captured here: C:/Users/Bulls/Desktop/lab7_athome/lab7_athome.runs/synth_1/runme.log
[Wed May 25 18:16:12 2022] Launched impl_1...
Run output will be captured here: C:/Users/Bulls/Desktop/lab7_athome/lab7_athome.runs/impl_1/runme.log
reset_run synth_1
launch_runs impl_1 -to_step write_bitstream
[Wed May 25 18:18:36 2022] Launched synth_1...
Run output will be captured here: C:/Users/Bulls/Desktop/lab7_athome/lab7_athome.runs/synth_1/runme.log
[Wed May 25 18:18:36 2022] Launched impl_1...
Run output will be captured here: C:/Users/Bulls/Desktop/lab7_athome/lab7_athome.runs/impl_1/runme.log
set_property PROBES.FILE {} [get_hw_devices xc7a35t_0]
set_property FULL_PROBES.FILE {} [get_hw_devices xc7a35t_0]
set_property PROGRAM.FILE {C:/Users/Bulls/Desktop/lab7_athome/lab7_athome.runs/impl_1/toplevel.bit} [get_hw_devices xc7a35t_0]
program_hw_devices [get_hw_devices xc7a35t_0]
INFO: [Labtools 27-3164] End of startup status: HIGH
refresh_hw_device [lindex [get_hw_devices xc7a35t_0] 0]
INFO: [Labtools 27-1434] Device xc7a35t (JTAG device index = 0) is programmed with a design that has no supported debug core(s) in it.
reset_run synth_1
launch_runs impl_1 -to_step write_bitstream
[Wed May 25 18:23:31 2022] Launched synth_1...
Run output will be captured here: C:/Users/Bulls/Desktop/lab7_athome/lab7_athome.runs/synth_1/runme.log
[Wed May 25 18:23:31 2022] Launched impl_1...
Run output will be captured here: C:/Users/Bulls/Desktop/lab7_athome/lab7_athome.runs/impl_1/runme.log
set_property PROBES.FILE {} [get_hw_devices xc7a35t_0]
set_property FULL_PROBES.FILE {} [get_hw_devices xc7a35t_0]
set_property PROGRAM.FILE {C:/Users/Bulls/Desktop/lab7_athome/lab7_athome.runs/impl_1/toplevel.bit} [get_hw_devices xc7a35t_0]
program_hw_devices [get_hw_devices xc7a35t_0]
INFO: [Labtools 27-3164] End of startup status: HIGH
refresh_hw_device [lindex [get_hw_devices xc7a35t_0] 0]
INFO: [Labtools 27-1434] Device xc7a35t (JTAG device index = 0) is programmed with a design that has no supported debug core(s) in it.
reset_run synth_1
launch_runs impl_1 -to_step write_bitstream
[Wed May 25 18:29:58 2022] Launched synth_1...
Run output will be captured here: C:/Users/Bulls/Desktop/lab7_athome/lab7_athome.runs/synth_1/runme.log
[Wed May 25 18:29:58 2022] Launched impl_1...
Run output will be captured here: C:/Users/Bulls/Desktop/lab7_athome/lab7_athome.runs/impl_1/runme.log
reset_run impl_1
reset_run synth_1
launch_runs impl_1 -to_step write_bitstream
[Wed May 25 18:31:08 2022] Launched synth_1...
Run output will be captured here: C:/Users/Bulls/Desktop/lab7_athome/lab7_athome.runs/synth_1/runme.log
[Wed May 25 18:31:08 2022] Launched impl_1...
Run output will be captured here: C:/Users/Bulls/Desktop/lab7_athome/lab7_athome.runs/impl_1/runme.log
set_property PROBES.FILE {} [get_hw_devices xc7a35t_0]
set_property FULL_PROBES.FILE {} [get_hw_devices xc7a35t_0]
set_property PROGRAM.FILE {C:/Users/Bulls/Desktop/lab7_athome/lab7_athome.runs/impl_1/toplevel.bit} [get_hw_devices xc7a35t_0]
program_hw_devices [get_hw_devices xc7a35t_0]
INFO: [Labtools 27-3164] End of startup status: HIGH
refresh_hw_device [lindex [get_hw_devices xc7a35t_0] 0]
INFO: [Labtools 27-1434] Device xc7a35t (JTAG device index = 0) is programmed with a design that has no supported debug core(s) in it.
reset_run synth_1
launch_runs impl_1 -to_step write_bitstream
[Wed May 25 18:34:10 2022] Launched synth_1...
Run output will be captured here: C:/Users/Bulls/Desktop/lab7_athome/lab7_athome.runs/synth_1/runme.log
[Wed May 25 18:34:10 2022] Launched impl_1...
Run output will be captured here: C:/Users/Bulls/Desktop/lab7_athome/lab7_athome.runs/impl_1/runme.log
set_property PROBES.FILE {} [get_hw_devices xc7a35t_0]
set_property FULL_PROBES.FILE {} [get_hw_devices xc7a35t_0]
set_property PROGRAM.FILE {C:/Users/Bulls/Desktop/lab7_athome/lab7_athome.runs/impl_1/toplevel.bit} [get_hw_devices xc7a35t_0]
program_hw_devices [get_hw_devices xc7a35t_0]
INFO: [Labtools 27-3164] End of startup status: HIGH
refresh_hw_device [lindex [get_hw_devices xc7a35t_0] 0]
INFO: [Labtools 27-1434] Device xc7a35t (JTAG device index = 0) is programmed with a design that has no supported debug core(s) in it.
reset_run synth_1
launch_runs impl_1 -to_step write_bitstream
[Wed May 25 18:36:22 2022] Launched synth_1...
Run output will be captured here: C:/Users/Bulls/Desktop/lab7_athome/lab7_athome.runs/synth_1/runme.log
[Wed May 25 18:36:22 2022] Launched impl_1...
Run output will be captured here: C:/Users/Bulls/Desktop/lab7_athome/lab7_athome.runs/impl_1/runme.log
reset_run synth_1
launch_runs impl_1 -to_step write_bitstream
[Wed May 25 18:40:01 2022] Launched synth_1...
Run output will be captured here: C:/Users/Bulls/Desktop/lab7_athome/lab7_athome.runs/synth_1/runme.log
[Wed May 25 18:40:01 2022] Launched impl_1...
Run output will be captured here: C:/Users/Bulls/Desktop/lab7_athome/lab7_athome.runs/impl_1/runme.log
set_property PROBES.FILE {} [get_hw_devices xc7a35t_0]
set_property FULL_PROBES.FILE {} [get_hw_devices xc7a35t_0]
set_property PROGRAM.FILE {C:/Users/Bulls/Desktop/lab7_athome/lab7_athome.runs/impl_1/toplevel.bit} [get_hw_devices xc7a35t_0]
program_hw_devices [get_hw_devices xc7a35t_0]
INFO: [Labtools 27-3164] End of startup status: HIGH
refresh_hw_device [lindex [get_hw_devices xc7a35t_0] 0]
INFO: [Labtools 27-1434] Device xc7a35t (JTAG device index = 0) is programmed with a design that has no supported debug core(s) in it.
reset_run synth_1
launch_runs impl_1 -to_step write_bitstream
[Wed May 25 18:46:08 2022] Launched synth_1...
Run output will be captured here: C:/Users/Bulls/Desktop/lab7_athome/lab7_athome.runs/synth_1/runme.log
[Wed May 25 18:46:08 2022] Launched impl_1...
Run output will be captured here: C:/Users/Bulls/Desktop/lab7_athome/lab7_athome.runs/impl_1/runme.log
set_property PROBES.FILE {} [get_hw_devices xc7a35t_0]
set_property FULL_PROBES.FILE {} [get_hw_devices xc7a35t_0]
set_property PROGRAM.FILE {C:/Users/Bulls/Desktop/lab7_athome/lab7_athome.runs/impl_1/toplevel.bit} [get_hw_devices xc7a35t_0]
program_hw_devices [get_hw_devices xc7a35t_0]
INFO: [Labtools 27-3164] End of startup status: HIGH
refresh_hw_device [lindex [get_hw_devices xc7a35t_0] 0]
INFO: [Labtools 27-1434] Device xc7a35t (JTAG device index = 0) is programmed with a design that has no supported debug core(s) in it.
reset_run synth_1
launch_runs impl_1 -to_step write_bitstream
[Wed May 25 18:49:42 2022] Launched synth_1...
Run output will be captured here: C:/Users/Bulls/Desktop/lab7_athome/lab7_athome.runs/synth_1/runme.log
[Wed May 25 18:49:42 2022] Launched impl_1...
Run output will be captured here: C:/Users/Bulls/Desktop/lab7_athome/lab7_athome.runs/impl_1/runme.log
set_property PROBES.FILE {} [get_hw_devices xc7a35t_0]
set_property FULL_PROBES.FILE {} [get_hw_devices xc7a35t_0]
set_property PROGRAM.FILE {C:/Users/Bulls/Desktop/lab7_athome/lab7_athome.runs/impl_1/toplevel.bit} [get_hw_devices xc7a35t_0]
program_hw_devices [get_hw_devices xc7a35t_0]
INFO: [Labtools 27-3164] End of startup status: HIGH
refresh_hw_device [lindex [get_hw_devices xc7a35t_0] 0]
INFO: [Labtools 27-1434] Device xc7a35t (JTAG device index = 0) is programmed with a design that has no supported debug core(s) in it.
reset_run synth_1
launch_runs impl_1 -to_step write_bitstream
[Wed May 25 18:57:45 2022] Launched synth_1...
Run output will be captured here: C:/Users/Bulls/Desktop/lab7_athome/lab7_athome.runs/synth_1/runme.log
[Wed May 25 18:57:45 2022] Launched impl_1...
Run output will be captured here: C:/Users/Bulls/Desktop/lab7_athome/lab7_athome.runs/impl_1/runme.log
reset_run synth_1
launch_runs impl_1 -to_step write_bitstream
[Wed May 25 19:00:16 2022] Launched synth_1...
Run output will be captured here: C:/Users/Bulls/Desktop/lab7_athome/lab7_athome.runs/synth_1/runme.log
[Wed May 25 19:00:16 2022] Launched impl_1...
Run output will be captured here: C:/Users/Bulls/Desktop/lab7_athome/lab7_athome.runs/impl_1/runme.log
set_property PROBES.FILE {} [get_hw_devices xc7a35t_0]
set_property FULL_PROBES.FILE {} [get_hw_devices xc7a35t_0]
set_property PROGRAM.FILE {C:/Users/Bulls/Desktop/lab7_athome/lab7_athome.runs/impl_1/toplevel.bit} [get_hw_devices xc7a35t_0]
program_hw_devices [get_hw_devices xc7a35t_0]
INFO: [Labtools 27-3164] End of startup status: HIGH
refresh_hw_device [lindex [get_hw_devices xc7a35t_0] 0]
INFO: [Labtools 27-1434] Device xc7a35t (JTAG device index = 0) is programmed with a design that has no supported debug core(s) in it.
reset_run synth_1
launch_runs impl_1 -to_step write_bitstream
[Wed May 25 19:03:04 2022] Launched synth_1...
Run output will be captured here: C:/Users/Bulls/Desktop/lab7_athome/lab7_athome.runs/synth_1/runme.log
[Wed May 25 19:03:04 2022] Launched impl_1...
Run output will be captured here: C:/Users/Bulls/Desktop/lab7_athome/lab7_athome.runs/impl_1/runme.log
set_property PROBES.FILE {} [get_hw_devices xc7a35t_0]
set_property FULL_PROBES.FILE {} [get_hw_devices xc7a35t_0]
set_property PROGRAM.FILE {C:/Users/Bulls/Desktop/lab7_athome/lab7_athome.runs/impl_1/toplevel.bit} [get_hw_devices xc7a35t_0]
program_hw_devices [get_hw_devices xc7a35t_0]
INFO: [Labtools 27-3164] End of startup status: HIGH
refresh_hw_device [lindex [get_hw_devices xc7a35t_0] 0]
INFO: [Labtools 27-1434] Device xc7a35t (JTAG device index = 0) is programmed with a design that has no supported debug core(s) in it.
reset_run synth_1
launch_runs impl_1 -to_step write_bitstream
[Wed May 25 19:08:15 2022] Launched synth_1...
Run output will be captured here: C:/Users/Bulls/Desktop/lab7_athome/lab7_athome.runs/synth_1/runme.log
[Wed May 25 19:08:15 2022] Launched impl_1...
Run output will be captured here: C:/Users/Bulls/Desktop/lab7_athome/lab7_athome.runs/impl_1/runme.log
reset_run impl_1
reset_run synth_1
launch_runs impl_1 -to_step write_bitstream
[Wed May 25 19:09:08 2022] Launched synth_1...
Run output will be captured here: C:/Users/Bulls/Desktop/lab7_athome/lab7_athome.runs/synth_1/runme.log
[Wed May 25 19:09:08 2022] Launched impl_1...
Run output will be captured here: C:/Users/Bulls/Desktop/lab7_athome/lab7_athome.runs/impl_1/runme.log
set_property PROBES.FILE {} [get_hw_devices xc7a35t_0]
set_property FULL_PROBES.FILE {} [get_hw_devices xc7a35t_0]
set_property PROGRAM.FILE {C:/Users/Bulls/Desktop/lab7_athome/lab7_athome.runs/impl_1/toplevel.bit} [get_hw_devices xc7a35t_0]
program_hw_devices [get_hw_devices xc7a35t_0]
INFO: [Labtools 27-3164] End of startup status: HIGH
refresh_hw_device [lindex [get_hw_devices xc7a35t_0] 0]
INFO: [Labtools 27-1434] Device xc7a35t (JTAG device index = 0) is programmed with a design that has no supported debug core(s) in it.
reset_run synth_1
launch_runs impl_1 -to_step write_bitstream
[Wed May 25 19:12:32 2022] Launched synth_1...
Run output will be captured here: C:/Users/Bulls/Desktop/lab7_athome/lab7_athome.runs/synth_1/runme.log
[Wed May 25 19:12:32 2022] Launched impl_1...
Run output will be captured here: C:/Users/Bulls/Desktop/lab7_athome/lab7_athome.runs/impl_1/runme.log
set_property PROBES.FILE {} [get_hw_devices xc7a35t_0]
set_property FULL_PROBES.FILE {} [get_hw_devices xc7a35t_0]
set_property PROGRAM.FILE {C:/Users/Bulls/Desktop/lab7_athome/lab7_athome.runs/impl_1/toplevel.bit} [get_hw_devices xc7a35t_0]
program_hw_devices [get_hw_devices xc7a35t_0]
INFO: [Labtools 27-3164] End of startup status: HIGH
refresh_hw_device [lindex [get_hw_devices xc7a35t_0] 0]
INFO: [Labtools 27-1434] Device xc7a35t (JTAG device index = 0) is programmed with a design that has no supported debug core(s) in it.
reset_run synth_1
launch_runs impl_1 -to_step write_bitstream
[Wed May 25 19:14:45 2022] Launched synth_1...
Run output will be captured here: C:/Users/Bulls/Desktop/lab7_athome/lab7_athome.runs/synth_1/runme.log
[Wed May 25 19:14:45 2022] Launched impl_1...
Run output will be captured here: C:/Users/Bulls/Desktop/lab7_athome/lab7_athome.runs/impl_1/runme.log
set_property PROBES.FILE {} [get_hw_devices xc7a35t_0]
set_property FULL_PROBES.FILE {} [get_hw_devices xc7a35t_0]
set_property PROGRAM.FILE {C:/Users/Bulls/Desktop/lab7_athome/lab7_athome.runs/impl_1/toplevel.bit} [get_hw_devices xc7a35t_0]
program_hw_devices [get_hw_devices xc7a35t_0]
INFO: [Labtools 27-3164] End of startup status: HIGH
refresh_hw_device [lindex [get_hw_devices xc7a35t_0] 0]
INFO: [Labtools 27-1434] Device xc7a35t (JTAG device index = 0) is programmed with a design that has no supported debug core(s) in it.
reset_run synth_1
launch_runs impl_1 -to_step write_bitstream
[Wed May 25 19:22:11 2022] Launched synth_1...
Run output will be captured here: C:/Users/Bulls/Desktop/lab7_athome/lab7_athome.runs/synth_1/runme.log
[Wed May 25 19:22:11 2022] Launched impl_1...
Run output will be captured here: C:/Users/Bulls/Desktop/lab7_athome/lab7_athome.runs/impl_1/runme.log
set_property PROBES.FILE {} [get_hw_devices xc7a35t_0]
set_property FULL_PROBES.FILE {} [get_hw_devices xc7a35t_0]
set_property PROGRAM.FILE {C:/Users/Bulls/Desktop/lab7_athome/lab7_athome.runs/impl_1/toplevel.bit} [get_hw_devices xc7a35t_0]
program_hw_devices [get_hw_devices xc7a35t_0]
INFO: [Labtools 27-3164] End of startup status: HIGH
refresh_hw_device [lindex [get_hw_devices xc7a35t_0] 0]
INFO: [Labtools 27-1434] Device xc7a35t (JTAG device index = 0) is programmed with a design that has no supported debug core(s) in it.
close_hw
close [ open C:/Users/Bulls/Desktop/lab7_athome/lab7_athome.srcs/sources_1/new/colision.v w ]
add_files C:/Users/Bulls/Desktop/lab7_athome/lab7_athome.srcs/sources_1/new/colision.v
update_compile_order -fileset sources_1
update_compile_order -fileset sources_1
reset_run synth_1
launch_runs impl_1 -to_step write_bitstream
[Wed May 25 19:57:21 2022] Launched synth_1...
Run output will be captured here: C:/Users/Bulls/Desktop/lab7_athome/lab7_athome.runs/synth_1/runme.log
[Wed May 25 19:57:21 2022] Launched impl_1...
Run output will be captured here: C:/Users/Bulls/Desktop/lab7_athome/lab7_athome.runs/impl_1/runme.log
open_hw
connect_hw_server
INFO: [Labtools 27-2285] Connecting to hw_server url TCP:localhost:3121
INFO: [Labtools 27-2222] Launching hw_server...
INFO: [Labtools 27-2221] Launch Output:

****** Xilinx hw_server v2019.1
  **** Build date : May 24 2019 at 15:13:31
    ** Copyright 1986-2019 Xilinx, Inc. All Rights Reserved.


open_hw_target
INFO: [Labtoolstcl 44-466] Opening hw_target localhost:3121/xilinx_tcf/Digilent/210183ACAA52A
set_property PROGRAM.FILE {C:/Users/Bulls/Desktop/lab7_athome/lab7_athome.runs/impl_1/toplevel.bit} [get_hw_devices xc7a35t_0]
current_hw_device [get_hw_devices xc7a35t_0]
refresh_hw_device -update_hw_probes false [lindex [get_hw_devices xc7a35t_0] 0]
INFO: [Labtools 27-1434] Device xc7a35t (JTAG device index = 0) is programmed with a design that has no supported debug core(s) in it.
set_property PROBES.FILE {} [get_hw_devices xc7a35t_0]
set_property FULL_PROBES.FILE {} [get_hw_devices xc7a35t_0]
set_property PROGRAM.FILE {C:/Users/Bulls/Desktop/lab7_athome/lab7_athome.runs/impl_1/toplevel.bit} [get_hw_devices xc7a35t_0]
program_hw_devices [get_hw_devices xc7a35t_0]
INFO: [Labtools 27-3164] End of startup status: HIGH
refresh_hw_device [lindex [get_hw_devices xc7a35t_0] 0]
INFO: [Labtools 27-1434] Device xc7a35t (JTAG device index = 0) is programmed with a design that has no supported debug core(s) in it.
reset_run synth_1
launch_runs impl_1 -to_step write_bitstream
[Wed May 25 20:02:42 2022] Launched synth_1...
Run output will be captured here: C:/Users/Bulls/Desktop/lab7_athome/lab7_athome.runs/synth_1/runme.log
[Wed May 25 20:02:42 2022] Launched impl_1...
Run output will be captured here: C:/Users/Bulls/Desktop/lab7_athome/lab7_athome.runs/impl_1/runme.log
set_property PROBES.FILE {} [get_hw_devices xc7a35t_0]
set_property FULL_PROBES.FILE {} [get_hw_devices xc7a35t_0]
set_property PROGRAM.FILE {C:/Users/Bulls/Desktop/lab7_athome/lab7_athome.runs/impl_1/toplevel.bit} [get_hw_devices xc7a35t_0]
program_hw_devices [get_hw_devices xc7a35t_0]
INFO: [Labtools 27-3164] End of startup status: HIGH
refresh_hw_device [lindex [get_hw_devices xc7a35t_0] 0]
INFO: [Labtools 27-1434] Device xc7a35t (JTAG device index = 0) is programmed with a design that has no supported debug core(s) in it.
reset_run synth_1
launch_runs impl_1 -to_step write_bitstream
[Wed May 25 20:05:43 2022] Launched synth_1...
Run output will be captured here: C:/Users/Bulls/Desktop/lab7_athome/lab7_athome.runs/synth_1/runme.log
[Wed May 25 20:05:43 2022] Launched impl_1...
Run output will be captured here: C:/Users/Bulls/Desktop/lab7_athome/lab7_athome.runs/impl_1/runme.log
set_property PROBES.FILE {} [get_hw_devices xc7a35t_0]
set_property FULL_PROBES.FILE {} [get_hw_devices xc7a35t_0]
set_property PROGRAM.FILE {C:/Users/Bulls/Desktop/lab7_athome/lab7_athome.runs/impl_1/toplevel.bit} [get_hw_devices xc7a35t_0]
program_hw_devices [get_hw_devices xc7a35t_0]
INFO: [Labtools 27-3164] End of startup status: HIGH
refresh_hw_device [lindex [get_hw_devices xc7a35t_0] 0]
INFO: [Labtools 27-1434] Device xc7a35t (JTAG device index = 0) is programmed with a design that has no supported debug core(s) in it.
reset_run synth_1
launch_runs impl_1 -to_step write_bitstream
[Wed May 25 20:07:58 2022] Launched synth_1...
Run output will be captured here: C:/Users/Bulls/Desktop/lab7_athome/lab7_athome.runs/synth_1/runme.log
[Wed May 25 20:07:58 2022] Launched impl_1...
Run output will be captured here: C:/Users/Bulls/Desktop/lab7_athome/lab7_athome.runs/impl_1/runme.log
set_property PROBES.FILE {} [get_hw_devices xc7a35t_0]
set_property FULL_PROBES.FILE {} [get_hw_devices xc7a35t_0]
set_property PROGRAM.FILE {C:/Users/Bulls/Desktop/lab7_athome/lab7_athome.runs/impl_1/toplevel.bit} [get_hw_devices xc7a35t_0]
program_hw_devices [get_hw_devices xc7a35t_0]
INFO: [Labtools 27-3164] End of startup status: HIGH
refresh_hw_device [lindex [get_hw_devices xc7a35t_0] 0]
INFO: [Labtools 27-1434] Device xc7a35t (JTAG device index = 0) is programmed with a design that has no supported debug core(s) in it.
reset_run synth_1
launch_runs impl_1 -to_step write_bitstream
[Wed May 25 20:11:29 2022] Launched synth_1...
Run output will be captured here: C:/Users/Bulls/Desktop/lab7_athome/lab7_athome.runs/synth_1/runme.log
[Wed May 25 20:11:29 2022] Launched impl_1...
Run output will be captured here: C:/Users/Bulls/Desktop/lab7_athome/lab7_athome.runs/impl_1/runme.log
reset_run synth_1
launch_runs impl_1 -to_step write_bitstream
[Wed May 25 20:11:49 2022] Launched synth_1...
Run output will be captured here: C:/Users/Bulls/Desktop/lab7_athome/lab7_athome.runs/synth_1/runme.log
[Wed May 25 20:11:49 2022] Launched impl_1...
Run output will be captured here: C:/Users/Bulls/Desktop/lab7_athome/lab7_athome.runs/impl_1/runme.log
set_property PROBES.FILE {} [get_hw_devices xc7a35t_0]
set_property FULL_PROBES.FILE {} [get_hw_devices xc7a35t_0]
set_property PROGRAM.FILE {C:/Users/Bulls/Desktop/lab7_athome/lab7_athome.runs/impl_1/toplevel.bit} [get_hw_devices xc7a35t_0]
program_hw_devices [get_hw_devices xc7a35t_0]
INFO: [Labtools 27-3164] End of startup status: HIGH
refresh_hw_device [lindex [get_hw_devices xc7a35t_0] 0]
INFO: [Labtools 27-1434] Device xc7a35t (JTAG device index = 0) is programmed with a design that has no supported debug core(s) in it.
reset_run synth_1
launch_runs impl_1 -to_step write_bitstream
[Wed May 25 20:16:24 2022] Launched synth_1...
Run output will be captured here: C:/Users/Bulls/Desktop/lab7_athome/lab7_athome.runs/synth_1/runme.log
[Wed May 25 20:16:24 2022] Launched impl_1...
Run output will be captured here: C:/Users/Bulls/Desktop/lab7_athome/lab7_athome.runs/impl_1/runme.log
set_property PROBES.FILE {} [get_hw_devices xc7a35t_0]
set_property FULL_PROBES.FILE {} [get_hw_devices xc7a35t_0]
set_property PROGRAM.FILE {C:/Users/Bulls/Desktop/lab7_athome/lab7_athome.runs/impl_1/toplevel.bit} [get_hw_devices xc7a35t_0]
program_hw_devices [get_hw_devices xc7a35t_0]
INFO: [Labtools 27-3164] End of startup status: HIGH
refresh_hw_device [lindex [get_hw_devices xc7a35t_0] 0]
INFO: [Labtools 27-1434] Device xc7a35t (JTAG device index = 0) is programmed with a design that has no supported debug core(s) in it.
reset_run synth_1
launch_runs impl_1 -to_step write_bitstream
[Wed May 25 20:20:07 2022] Launched synth_1...
Run output will be captured here: C:/Users/Bulls/Desktop/lab7_athome/lab7_athome.runs/synth_1/runme.log
[Wed May 25 20:20:08 2022] Launched impl_1...
Run output will be captured here: C:/Users/Bulls/Desktop/lab7_athome/lab7_athome.runs/impl_1/runme.log
set_property PROBES.FILE {} [get_hw_devices xc7a35t_0]
set_property FULL_PROBES.FILE {} [get_hw_devices xc7a35t_0]
set_property PROGRAM.FILE {C:/Users/Bulls/Desktop/lab7_athome/lab7_athome.runs/impl_1/toplevel.bit} [get_hw_devices xc7a35t_0]
program_hw_devices [get_hw_devices xc7a35t_0]
INFO: [Labtools 27-3164] End of startup status: HIGH
refresh_hw_device [lindex [get_hw_devices xc7a35t_0] 0]
INFO: [Labtools 27-1434] Device xc7a35t (JTAG device index = 0) is programmed with a design that has no supported debug core(s) in it.
reset_run synth_1
launch_runs impl_1 -to_step write_bitstream
[Wed May 25 20:27:34 2022] Launched synth_1...
Run output will be captured here: C:/Users/Bulls/Desktop/lab7_athome/lab7_athome.runs/synth_1/runme.log
[Wed May 25 20:27:34 2022] Launched impl_1...
Run output will be captured here: C:/Users/Bulls/Desktop/lab7_athome/lab7_athome.runs/impl_1/runme.log
set_property PROBES.FILE {} [get_hw_devices xc7a35t_0]
set_property FULL_PROBES.FILE {} [get_hw_devices xc7a35t_0]
set_property PROGRAM.FILE {C:/Users/Bulls/Desktop/lab7_athome/lab7_athome.runs/impl_1/toplevel.bit} [get_hw_devices xc7a35t_0]
program_hw_devices [get_hw_devices xc7a35t_0]
INFO: [Labtools 27-3164] End of startup status: HIGH
refresh_hw_device [lindex [get_hw_devices xc7a35t_0] 0]
INFO: [Labtools 27-1434] Device xc7a35t (JTAG device index = 0) is programmed with a design that has no supported debug core(s) in it.
reset_run synth_1
launch_runs impl_1 -to_step write_bitstream
[Wed May 25 20:32:35 2022] Launched synth_1...
Run output will be captured here: C:/Users/Bulls/Desktop/lab7_athome/lab7_athome.runs/synth_1/runme.log
[Wed May 25 20:32:35 2022] Launched impl_1...
Run output will be captured here: C:/Users/Bulls/Desktop/lab7_athome/lab7_athome.runs/impl_1/runme.log
reset_run synth_1
WARNING: [Vivado 12-1017] Problems encountered:
1. PID not specified

launch_runs impl_1 -to_step write_bitstream
[Wed May 25 20:33:18 2022] Launched synth_1...
Run output will be captured here: C:/Users/Bulls/Desktop/lab7_athome/lab7_athome.runs/synth_1/runme.log
[Wed May 25 20:33:18 2022] Launched impl_1...
Run output will be captured here: C:/Users/Bulls/Desktop/lab7_athome/lab7_athome.runs/impl_1/runme.log
set_property PROBES.FILE {} [get_hw_devices xc7a35t_0]
set_property FULL_PROBES.FILE {} [get_hw_devices xc7a35t_0]
set_property PROGRAM.FILE {C:/Users/Bulls/Desktop/lab7_athome/lab7_athome.runs/impl_1/toplevel.bit} [get_hw_devices xc7a35t_0]
program_hw_devices [get_hw_devices xc7a35t_0]
INFO: [Labtools 27-3164] End of startup status: HIGH
refresh_hw_device [lindex [get_hw_devices xc7a35t_0] 0]
INFO: [Labtools 27-1434] Device xc7a35t (JTAG device index = 0) is programmed with a design that has no supported debug core(s) in it.
reset_run synth_1
launch_runs impl_1 -to_step write_bitstream
[Wed May 25 20:36:39 2022] Launched synth_1...
Run output will be captured here: C:/Users/Bulls/Desktop/lab7_athome/lab7_athome.runs/synth_1/runme.log
[Wed May 25 20:36:39 2022] Launched impl_1...
Run output will be captured here: C:/Users/Bulls/Desktop/lab7_athome/lab7_athome.runs/impl_1/runme.log
set_property PROBES.FILE {} [get_hw_devices xc7a35t_0]
set_property FULL_PROBES.FILE {} [get_hw_devices xc7a35t_0]
set_property PROGRAM.FILE {C:/Users/Bulls/Desktop/lab7_athome/lab7_athome.runs/impl_1/toplevel.bit} [get_hw_devices xc7a35t_0]
program_hw_devices [get_hw_devices xc7a35t_0]
INFO: [Labtools 27-3164] End of startup status: HIGH
refresh_hw_device [lindex [get_hw_devices xc7a35t_0] 0]
INFO: [Labtools 27-1434] Device xc7a35t (JTAG device index = 0) is programmed with a design that has no supported debug core(s) in it.
reset_run synth_1
launch_runs impl_1 -to_step write_bitstream
[Wed May 25 20:39:07 2022] Launched synth_1...
Run output will be captured here: C:/Users/Bulls/Desktop/lab7_athome/lab7_athome.runs/synth_1/runme.log
[Wed May 25 20:39:07 2022] Launched impl_1...
Run output will be captured here: C:/Users/Bulls/Desktop/lab7_athome/lab7_athome.runs/impl_1/runme.log
set_property PROBES.FILE {} [get_hw_devices xc7a35t_0]
set_property FULL_PROBES.FILE {} [get_hw_devices xc7a35t_0]
set_property PROGRAM.FILE {C:/Users/Bulls/Desktop/lab7_athome/lab7_athome.runs/impl_1/toplevel.bit} [get_hw_devices xc7a35t_0]
program_hw_devices [get_hw_devices xc7a35t_0]
INFO: [Labtools 27-3164] End of startup status: HIGH
refresh_hw_device [lindex [get_hw_devices xc7a35t_0] 0]
INFO: [Labtools 27-1434] Device xc7a35t (JTAG device index = 0) is programmed with a design that has no supported debug core(s) in it.
reset_run synth_1
launch_runs impl_1
[Wed May 25 20:45:29 2022] Launched synth_1...
Run output will be captured here: C:/Users/Bulls/Desktop/lab7_athome/lab7_athome.runs/synth_1/runme.log
[Wed May 25 20:45:29 2022] Launched impl_1...
Run output will be captured here: C:/Users/Bulls/Desktop/lab7_athome/lab7_athome.runs/impl_1/runme.log
launch_runs impl_1 -to_step write_bitstream
[Wed May 25 20:46:58 2022] Launched impl_1...
Run output will be captured here: C:/Users/Bulls/Desktop/lab7_athome/lab7_athome.runs/impl_1/runme.log
set_property PROBES.FILE {} [get_hw_devices xc7a35t_0]
set_property FULL_PROBES.FILE {} [get_hw_devices xc7a35t_0]
set_property PROGRAM.FILE {C:/Users/Bulls/Desktop/lab7_athome/lab7_athome.runs/impl_1/toplevel.bit} [get_hw_devices xc7a35t_0]
program_hw_devices [get_hw_devices xc7a35t_0]
INFO: [Labtools 27-3164] End of startup status: HIGH
refresh_hw_device [lindex [get_hw_devices xc7a35t_0] 0]
INFO: [Labtools 27-1434] Device xc7a35t (JTAG device index = 0) is programmed with a design that has no supported debug core(s) in it.
reset_run synth_1
launch_runs impl_1 -to_step write_bitstream
[Wed May 25 20:50:20 2022] Launched synth_1...
Run output will be captured here: C:/Users/Bulls/Desktop/lab7_athome/lab7_athome.runs/synth_1/runme.log
[Wed May 25 20:50:20 2022] Launched impl_1...
Run output will be captured here: C:/Users/Bulls/Desktop/lab7_athome/lab7_athome.runs/impl_1/runme.log
set_property PROBES.FILE {} [get_hw_devices xc7a35t_0]
set_property FULL_PROBES.FILE {} [get_hw_devices xc7a35t_0]
set_property PROGRAM.FILE {C:/Users/Bulls/Desktop/lab7_athome/lab7_athome.runs/impl_1/toplevel.bit} [get_hw_devices xc7a35t_0]
program_hw_devices [get_hw_devices xc7a35t_0]
INFO: [Labtools 27-3164] End of startup status: HIGH
refresh_hw_device [lindex [get_hw_devices xc7a35t_0] 0]
INFO: [Labtools 27-1434] Device xc7a35t (JTAG device index = 0) is programmed with a design that has no supported debug core(s) in it.
reset_run synth_1
launch_runs impl_1 -to_step write_bitstream
[Wed May 25 20:52:39 2022] Launched synth_1...
Run output will be captured here: C:/Users/Bulls/Desktop/lab7_athome/lab7_athome.runs/synth_1/runme.log
[Wed May 25 20:52:39 2022] Launched impl_1...
Run output will be captured here: C:/Users/Bulls/Desktop/lab7_athome/lab7_athome.runs/impl_1/runme.log
reset_run synth_1
launch_runs impl_1 -to_step write_bitstream
[Wed May 25 20:53:13 2022] Launched synth_1...
Run output will be captured here: C:/Users/Bulls/Desktop/lab7_athome/lab7_athome.runs/synth_1/runme.log
[Wed May 25 20:53:13 2022] Launched impl_1...
Run output will be captured here: C:/Users/Bulls/Desktop/lab7_athome/lab7_athome.runs/impl_1/runme.log
set_property PROBES.FILE {} [get_hw_devices xc7a35t_0]
set_property FULL_PROBES.FILE {} [get_hw_devices xc7a35t_0]
set_property PROGRAM.FILE {C:/Users/Bulls/Desktop/lab7_athome/lab7_athome.runs/impl_1/toplevel.bit} [get_hw_devices xc7a35t_0]
program_hw_devices [get_hw_devices xc7a35t_0]
INFO: [Labtools 27-3164] End of startup status: HIGH
refresh_hw_device [lindex [get_hw_devices xc7a35t_0] 0]
INFO: [Labtools 27-1434] Device xc7a35t (JTAG device index = 0) is programmed with a design that has no supported debug core(s) in it.
reset_run impl_1 -prev_step 
launch_runs impl_1 -to_step write_bitstream
WARNING: [Vivado 12-872] Run step 'Design Initialization' is out-of-date.
[Wed May 25 20:56:20 2022] Launched impl_1...
Run output will be captured here: C:/Users/Bulls/Desktop/lab7_athome/lab7_athome.runs/impl_1/runme.log
set_property PROBES.FILE {} [get_hw_devices xc7a35t_0]
set_property FULL_PROBES.FILE {} [get_hw_devices xc7a35t_0]
set_property PROGRAM.FILE {C:/Users/Bulls/Desktop/lab7_athome/lab7_athome.runs/impl_1/toplevel.bit} [get_hw_devices xc7a35t_0]
program_hw_devices [get_hw_devices xc7a35t_0]
INFO: [Labtools 27-3164] End of startup status: HIGH
refresh_hw_device [lindex [get_hw_devices xc7a35t_0] 0]
INFO: [Labtools 27-1434] Device xc7a35t (JTAG device index = 0) is programmed with a design that has no supported debug core(s) in it.
reset_run synth_1
launch_runs impl_1 -to_step write_bitstream
[Wed May 25 21:02:25 2022] Launched synth_1...
Run output will be captured here: C:/Users/Bulls/Desktop/lab7_athome/lab7_athome.runs/synth_1/runme.log
[Wed May 25 21:02:25 2022] Launched impl_1...
Run output will be captured here: C:/Users/Bulls/Desktop/lab7_athome/lab7_athome.runs/impl_1/runme.log
set_property PROBES.FILE {} [get_hw_devices xc7a35t_0]
set_property FULL_PROBES.FILE {} [get_hw_devices xc7a35t_0]
set_property PROGRAM.FILE {C:/Users/Bulls/Desktop/lab7_athome/lab7_athome.runs/impl_1/toplevel.bit} [get_hw_devices xc7a35t_0]
program_hw_devices [get_hw_devices xc7a35t_0]
INFO: [Labtools 27-3164] End of startup status: HIGH
refresh_hw_device [lindex [get_hw_devices xc7a35t_0] 0]
INFO: [Labtools 27-1434] Device xc7a35t (JTAG device index = 0) is programmed with a design that has no supported debug core(s) in it.
reset_run synth_1
launch_runs impl_1 -to_step write_bitstream
[Wed May 25 21:06:19 2022] Launched synth_1...
Run output will be captured here: C:/Users/Bulls/Desktop/lab7_athome/lab7_athome.runs/synth_1/runme.log
[Wed May 25 21:06:19 2022] Launched impl_1...
Run output will be captured here: C:/Users/Bulls/Desktop/lab7_athome/lab7_athome.runs/impl_1/runme.log
set_property PROBES.FILE {} [get_hw_devices xc7a35t_0]
set_property FULL_PROBES.FILE {} [get_hw_devices xc7a35t_0]
set_property PROGRAM.FILE {C:/Users/Bulls/Desktop/lab7_athome/lab7_athome.runs/impl_1/toplevel.bit} [get_hw_devices xc7a35t_0]
program_hw_devices [get_hw_devices xc7a35t_0]
INFO: [Labtools 27-3164] End of startup status: HIGH
refresh_hw_device [lindex [get_hw_devices xc7a35t_0] 0]
INFO: [Labtools 27-1434] Device xc7a35t (JTAG device index = 0) is programmed with a design that has no supported debug core(s) in it.
close_hw
reset_run synth_1
launch_runs impl_1 -to_step write_bitstream
[Wed May 25 21:14:02 2022] Launched synth_1...
Run output will be captured here: C:/Users/Bulls/Desktop/lab7_athome/lab7_athome.runs/synth_1/runme.log
[Wed May 25 21:14:02 2022] Launched impl_1...
Run output will be captured here: C:/Users/Bulls/Desktop/lab7_athome/lab7_athome.runs/impl_1/runme.log
open_hw
connect_hw_server
INFO: [Labtools 27-2285] Connecting to hw_server url TCP:localhost:3121
INFO: [Labtools 27-2222] Launching hw_server...
INFO: [Labtools 27-2221] Launch Output:

****** Xilinx hw_server v2019.1
  **** Build date : May 24 2019 at 15:13:31
    ** Copyright 1986-2019 Xilinx, Inc. All Rights Reserved.


open_hw_target
INFO: [Labtoolstcl 44-466] Opening hw_target localhost:3121/xilinx_tcf/Digilent/210183ACAA52A
set_property PROGRAM.FILE {C:/Users/Bulls/Desktop/lab7_athome/lab7_athome.runs/impl_1/toplevel.bit} [get_hw_devices xc7a35t_0]
current_hw_device [get_hw_devices xc7a35t_0]
refresh_hw_device -update_hw_probes false [lindex [get_hw_devices xc7a35t_0] 0]
INFO: [Labtools 27-1434] Device xc7a35t (JTAG device index = 0) is programmed with a design that has no supported debug core(s) in it.
set_property PROBES.FILE {} [get_hw_devices xc7a35t_0]
set_property FULL_PROBES.FILE {} [get_hw_devices xc7a35t_0]
set_property PROGRAM.FILE {C:/Users/Bulls/Desktop/lab7_athome/lab7_athome.runs/impl_1/toplevel.bit} [get_hw_devices xc7a35t_0]
program_hw_devices [get_hw_devices xc7a35t_0]
INFO: [Labtools 27-3164] End of startup status: HIGH
refresh_hw_device [lindex [get_hw_devices xc7a35t_0] 0]
INFO: [Labtools 27-1434] Device xc7a35t (JTAG device index = 0) is programmed with a design that has no supported debug core(s) in it.
reset_run synth_1
launch_runs impl_1 -to_step write_bitstream
[Wed May 25 21:18:07 2022] Launched synth_1...
Run output will be captured here: C:/Users/Bulls/Desktop/lab7_athome/lab7_athome.runs/synth_1/runme.log
[Wed May 25 21:18:07 2022] Launched impl_1...
Run output will be captured here: C:/Users/Bulls/Desktop/lab7_athome/lab7_athome.runs/impl_1/runme.log
set_property PROBES.FILE {} [get_hw_devices xc7a35t_0]
set_property FULL_PROBES.FILE {} [get_hw_devices xc7a35t_0]
set_property PROGRAM.FILE {C:/Users/Bulls/Desktop/lab7_athome/lab7_athome.runs/impl_1/toplevel.bit} [get_hw_devices xc7a35t_0]
program_hw_devices [get_hw_devices xc7a35t_0]
INFO: [Labtools 27-3164] End of startup status: HIGH
refresh_hw_device [lindex [get_hw_devices xc7a35t_0] 0]
INFO: [Labtools 27-1434] Device xc7a35t (JTAG device index = 0) is programmed with a design that has no supported debug core(s) in it.
reset_run synth_1
launch_runs impl_1 -to_step write_bitstream
[Wed May 25 21:22:11 2022] Launched synth_1...
Run output will be captured here: C:/Users/Bulls/Desktop/lab7_athome/lab7_athome.runs/synth_1/runme.log
[Wed May 25 21:22:11 2022] Launched impl_1...
Run output will be captured here: C:/Users/Bulls/Desktop/lab7_athome/lab7_athome.runs/impl_1/runme.log
set_property PROBES.FILE {} [get_hw_devices xc7a35t_0]
set_property FULL_PROBES.FILE {} [get_hw_devices xc7a35t_0]
set_property PROGRAM.FILE {C:/Users/Bulls/Desktop/lab7_athome/lab7_athome.runs/impl_1/toplevel.bit} [get_hw_devices xc7a35t_0]
program_hw_devices [get_hw_devices xc7a35t_0]
INFO: [Labtools 27-3164] End of startup status: HIGH
refresh_hw_device [lindex [get_hw_devices xc7a35t_0] 0]
INFO: [Labtools 27-1434] Device xc7a35t (JTAG device index = 0) is programmed with a design that has no supported debug core(s) in it.
close_hw
reset_run synth_1
launch_runs impl_1
[Wed May 25 21:25:33 2022] Launched synth_1...
Run output will be captured here: C:/Users/Bulls/Desktop/lab7_athome/lab7_athome.runs/synth_1/runme.log
[Wed May 25 21:25:33 2022] Launched impl_1...
Run output will be captured here: C:/Users/Bulls/Desktop/lab7_athome/lab7_athome.runs/impl_1/runme.log
launch_runs impl_1 -to_step write_bitstream
[Wed May 25 21:27:43 2022] Launched impl_1...
Run output will be captured here: C:/Users/Bulls/Desktop/lab7_athome/lab7_athome.runs/impl_1/runme.log
open_hw
connect_hw_server
INFO: [Labtools 27-2285] Connecting to hw_server url TCP:localhost:3121
INFO: [Labtools 27-2222] Launching hw_server...
INFO: [Labtools 27-2221] Launch Output:

****** Xilinx hw_server v2019.1
  **** Build date : May 24 2019 at 15:13:31
    ** Copyright 1986-2019 Xilinx, Inc. All Rights Reserved.


open_hw_target
INFO: [Labtoolstcl 44-466] Opening hw_target localhost:3121/xilinx_tcf/Digilent/210183ACAA52A
set_property PROGRAM.FILE {C:/Users/Bulls/Desktop/lab7_athome/lab7_athome.runs/impl_1/toplevel.bit} [get_hw_devices xc7a35t_0]
current_hw_device [get_hw_devices xc7a35t_0]
refresh_hw_device -update_hw_probes false [lindex [get_hw_devices xc7a35t_0] 0]
INFO: [Labtools 27-1435] Device xc7a35t (JTAG device index = 0) is not programmed (DONE status = 0).
set_property PROBES.FILE {} [get_hw_devices xc7a35t_0]
set_property FULL_PROBES.FILE {} [get_hw_devices xc7a35t_0]
set_property PROGRAM.FILE {C:/Users/Bulls/Desktop/lab7_athome/lab7_athome.runs/impl_1/toplevel.bit} [get_hw_devices xc7a35t_0]
program_hw_devices [get_hw_devices xc7a35t_0]
INFO: [Labtools 27-3164] End of startup status: HIGH
refresh_hw_device [lindex [get_hw_devices xc7a35t_0] 0]
INFO: [Labtools 27-1434] Device xc7a35t (JTAG device index = 0) is programmed with a design that has no supported debug core(s) in it.
reset_run impl_1 -prev_step 
launch_runs impl_1 -to_step write_bitstream
[Wed May 25 21:30:42 2022] Launched impl_1...
Run output will be captured here: C:/Users/Bulls/Desktop/lab7_athome/lab7_athome.runs/impl_1/runme.log
set_property PROBES.FILE {} [get_hw_devices xc7a35t_0]
set_property FULL_PROBES.FILE {} [get_hw_devices xc7a35t_0]
set_property PROGRAM.FILE {C:/Users/Bulls/Desktop/lab7_athome/lab7_athome.runs/impl_1/toplevel.bit} [get_hw_devices xc7a35t_0]
program_hw_devices [get_hw_devices xc7a35t_0]
INFO: [Labtools 27-3164] End of startup status: HIGH
refresh_hw_device [lindex [get_hw_devices xc7a35t_0] 0]
INFO: [Labtools 27-1434] Device xc7a35t (JTAG device index = 0) is programmed with a design that has no supported debug core(s) in it.
reset_run impl_1 -prev_step 
launch_runs impl_1 -to_step write_bitstream
[Wed May 25 21:31:58 2022] Launched impl_1...
Run output will be captured here: C:/Users/Bulls/Desktop/lab7_athome/lab7_athome.runs/impl_1/runme.log
close_hw
open_hw
connect_hw_server
INFO: [Labtools 27-2285] Connecting to hw_server url TCP:localhost:3121
INFO: [Labtools 27-2222] Launching hw_server...
INFO: [Labtools 27-2221] Launch Output:

****** Xilinx hw_server v2019.1
  **** Build date : May 24 2019 at 15:13:31
    ** Copyright 1986-2019 Xilinx, Inc. All Rights Reserved.


open_hw_target
INFO: [Labtoolstcl 44-466] Opening hw_target localhost:3121/xilinx_tcf/Digilent/210183ACAA52A
set_property PROGRAM.FILE {C:/Users/Bulls/Desktop/lab7_athome/lab7_athome.runs/impl_1/toplevel.bit} [get_hw_devices xc7a35t_0]
current_hw_device [get_hw_devices xc7a35t_0]
refresh_hw_device -update_hw_probes false [lindex [get_hw_devices xc7a35t_0] 0]
INFO: [Labtools 27-1434] Device xc7a35t (JTAG device index = 0) is programmed with a design that has no supported debug core(s) in it.
set_property PROBES.FILE {} [get_hw_devices xc7a35t_0]
set_property FULL_PROBES.FILE {} [get_hw_devices xc7a35t_0]
set_property PROGRAM.FILE {C:/Users/Bulls/Desktop/lab7_athome/lab7_athome.runs/impl_1/toplevel.bit} [get_hw_devices xc7a35t_0]
program_hw_devices [get_hw_devices xc7a35t_0]
INFO: [Labtools 27-3164] End of startup status: HIGH
refresh_hw_device [lindex [get_hw_devices xc7a35t_0] 0]
INFO: [Labtools 27-1434] Device xc7a35t (JTAG device index = 0) is programmed with a design that has no supported debug core(s) in it.
reset_run synth_1
launch_runs impl_1 -to_step write_bitstream
[Wed May 25 21:34:39 2022] Launched synth_1...
Run output will be captured here: C:/Users/Bulls/Desktop/lab7_athome/lab7_athome.runs/synth_1/runme.log
[Wed May 25 21:34:39 2022] Launched impl_1...
Run output will be captured here: C:/Users/Bulls/Desktop/lab7_athome/lab7_athome.runs/impl_1/runme.log
set_property PROBES.FILE {} [get_hw_devices xc7a35t_0]
set_property FULL_PROBES.FILE {} [get_hw_devices xc7a35t_0]
set_property PROGRAM.FILE {C:/Users/Bulls/Desktop/lab7_athome/lab7_athome.runs/impl_1/toplevel.bit} [get_hw_devices xc7a35t_0]
program_hw_devices [get_hw_devices xc7a35t_0]
INFO: [Labtools 27-3164] End of startup status: HIGH
refresh_hw_device [lindex [get_hw_devices xc7a35t_0] 0]
INFO: [Labtools 27-1434] Device xc7a35t (JTAG device index = 0) is programmed with a design that has no supported debug core(s) in it.
reset_run synth_1
launch_runs impl_1 -to_step write_bitstream
[Wed May 25 21:37:01 2022] Launched synth_1...
Run output will be captured here: C:/Users/Bulls/Desktop/lab7_athome/lab7_athome.runs/synth_1/runme.log
[Wed May 25 21:37:01 2022] Launched impl_1...
Run output will be captured here: C:/Users/Bulls/Desktop/lab7_athome/lab7_athome.runs/impl_1/runme.log
set_property PROBES.FILE {} [get_hw_devices xc7a35t_0]
set_property FULL_PROBES.FILE {} [get_hw_devices xc7a35t_0]
set_property PROGRAM.FILE {C:/Users/Bulls/Desktop/lab7_athome/lab7_athome.runs/impl_1/toplevel.bit} [get_hw_devices xc7a35t_0]
program_hw_devices [get_hw_devices xc7a35t_0]
INFO: [Labtools 27-3164] End of startup status: HIGH
refresh_hw_device [lindex [get_hw_devices xc7a35t_0] 0]
INFO: [Labtools 27-1434] Device xc7a35t (JTAG device index = 0) is programmed with a design that has no supported debug core(s) in it.
close_hw
reset_run synth_1
launch_runs impl_1 -to_step write_bitstream
[Wed May 25 21:41:13 2022] Launched synth_1...
Run output will be captured here: C:/Users/Bulls/Desktop/lab7_athome/lab7_athome.runs/synth_1/runme.log
[Wed May 25 21:41:13 2022] Launched impl_1...
Run output will be captured here: C:/Users/Bulls/Desktop/lab7_athome/lab7_athome.runs/impl_1/runme.log
open_hw
connect_hw_server
INFO: [Labtools 27-2285] Connecting to hw_server url TCP:localhost:3121
INFO: [Labtools 27-2222] Launching hw_server...
INFO: [Labtools 27-2221] Launch Output:

****** Xilinx hw_server v2019.1
  **** Build date : May 24 2019 at 15:13:31
    ** Copyright 1986-2019 Xilinx, Inc. All Rights Reserved.


open_hw_target
INFO: [Labtoolstcl 44-466] Opening hw_target localhost:3121/xilinx_tcf/Digilent/210183ACAA52A
set_property PROGRAM.FILE {C:/Users/Bulls/Desktop/lab7_athome/lab7_athome.runs/impl_1/toplevel.bit} [get_hw_devices xc7a35t_0]
current_hw_device [get_hw_devices xc7a35t_0]
refresh_hw_device -update_hw_probes false [lindex [get_hw_devices xc7a35t_0] 0]
INFO: [Labtools 27-1434] Device xc7a35t (JTAG device index = 0) is programmed with a design that has no supported debug core(s) in it.
set_property PROBES.FILE {} [get_hw_devices xc7a35t_0]
set_property FULL_PROBES.FILE {} [get_hw_devices xc7a35t_0]
set_property PROGRAM.FILE {C:/Users/Bulls/Desktop/lab7_athome/lab7_athome.runs/impl_1/toplevel.bit} [get_hw_devices xc7a35t_0]
program_hw_devices [get_hw_devices xc7a35t_0]
INFO: [Labtools 27-3164] End of startup status: HIGH
refresh_hw_device [lindex [get_hw_devices xc7a35t_0] 0]
INFO: [Labtools 27-1434] Device xc7a35t (JTAG device index = 0) is programmed with a design that has no supported debug core(s) in it.
reset_run synth_1
launch_runs impl_1 -to_step write_bitstream
[Wed May 25 21:44:58 2022] Launched synth_1...
Run output will be captured here: C:/Users/Bulls/Desktop/lab7_athome/lab7_athome.runs/synth_1/runme.log
[Wed May 25 21:44:58 2022] Launched impl_1...
Run output will be captured here: C:/Users/Bulls/Desktop/lab7_athome/lab7_athome.runs/impl_1/runme.log
set_property PROBES.FILE {} [get_hw_devices xc7a35t_0]
set_property FULL_PROBES.FILE {} [get_hw_devices xc7a35t_0]
set_property PROGRAM.FILE {C:/Users/Bulls/Desktop/lab7_athome/lab7_athome.runs/impl_1/toplevel.bit} [get_hw_devices xc7a35t_0]
program_hw_devices [get_hw_devices xc7a35t_0]
INFO: [Labtools 27-3164] End of startup status: HIGH
refresh_hw_device [lindex [get_hw_devices xc7a35t_0] 0]
INFO: [Labtools 27-1434] Device xc7a35t (JTAG device index = 0) is programmed with a design that has no supported debug core(s) in it.
close_hw
archive_project C:/Users/Bulls/Desktop/lab7_athome.xpr.zip -temp_dir C:/Users/Bulls/Desktop/lab7_athome/.Xil/Vivado-13124-MSI -force -include_local_ip_cache
INFO: [Coretcl 2-137] starting archive...
INFO: [Coretcl 2-1499] Saving project copy to temporary location 'C:/Users/Bulls/Desktop/lab7_athome/.Xil/Vivado-13124-MSI' for archiving project
Scanning sources...
Finished scanning sources
INFO: [Coretcl 2-1211] Creating project copy for archival...
INFO: [Coretcl 2-1213] Including run results for 'synth_1'
INFO: [Coretcl 2-1213] Including run results for 'impl_1'
INFO: [Coretcl 2-1209] Adding archive summary file to the project...
INFO: [Coretcl 2-1214] Preparing project files for archive...
INFO: [Coretcl 2-1210] Compressing project files and data...
INFO: [Coretcl 2-1215] Project archived (C:/Users/Bulls/Desktop/lab7_athome.xpr.zip)
INFO: [Coretcl 2-1216] To view the archive summary log in GUI, double click on 'Design Sources->Text->archive_project_summary.txt', or open this file from the archived project directory.
open_hw
connect_hw_server
INFO: [Labtools 27-2285] Connecting to hw_server url TCP:localhost:3121
INFO: [Labtools 27-2222] Launching hw_server...
INFO: [Labtools 27-2221] Launch Output:

****** Xilinx hw_server v2019.1
  **** Build date : May 24 2019 at 15:13:31
    ** Copyright 1986-2019 Xilinx, Inc. All Rights Reserved.


open_hw_target
INFO: [Labtoolstcl 44-466] Opening hw_target localhost:3121/xilinx_tcf/Digilent/210183ACAA52A
set_property PROGRAM.FILE {C:/Users/Bulls/Desktop/lab7_athome/lab7_athome.runs/impl_1/toplevel.bit} [get_hw_devices xc7a35t_0]
current_hw_device [get_hw_devices xc7a35t_0]
refresh_hw_device -update_hw_probes false [lindex [get_hw_devices xc7a35t_0] 0]
INFO: [Labtools 27-1434] Device xc7a35t (JTAG device index = 0) is programmed with a design that has no supported debug core(s) in it.
exit
INFO: [Common 17-206] Exiting Vivado at Wed May 25 21:56:59 2022...
