#-----------------------------------------------------------
# Vivado v2019.1 (64-bit)
# SW Build 2552052 on Fri May 24 14:49:42 MDT 2019
# IP Build 2548770 on Fri May 24 18:01:18 MDT 2019
# Start of session at: Tue May 24 17:05:17 2022
# Process ID: 13596
# Current directory: C:/Users/Bulls/Desktop/lab7_athome
# Command line: vivado.exe -gui_launcher_event rodinguilauncherevent9312 C:\Users\Bulls\Desktop\lab7_athome\lab7_athome.xpr
# Log file: C:/Users/Bulls/Desktop/lab7_athome/vivado.log
# Journal file: C:/Users/Bulls/Desktop/lab7_athome\vivado.jou
#-----------------------------------------------------------
start_gui
open_project C:/Users/Bulls/Desktop/lab7_athome/lab7_athome.xpr
Scanning sources...
Finished scanning sources
INFO: [IP_Flow 19-234] Refreshing IP repositories
INFO: [IP_Flow 19-1704] No user IP repositories specified
INFO: [IP_Flow 19-2313] Loaded Vivado IP repository 'C:/Xilinx/Vivado/2019.1/data/ip'.
update_compile_order -fileset sources_1
close [ open C:/Users/Bulls/Desktop/lab7_athome/lab7_athome.srcs/sources_1/new/SM.v w ]
add_files C:/Users/Bulls/Desktop/lab7_athome/lab7_athome.srcs/sources_1/new/SM.v
update_compile_order -fileset sources_1
import_files -norecurse C:/Users/Bulls/Desktop/Lab_5_at_lab.xpr/test_lab7_thing/test_lab7_thing.srcs/sources_1/new/synchronizer.v
update_compile_order -fileset sources_1
update_compile_order -fileset sources_1
reset_run synth_1
launch_runs impl_1
[Tue May 24 20:29:00 2022] Launched synth_1...
Run output will be captured here: C:/Users/Bulls/Desktop/lab7_athome/lab7_athome.runs/synth_1/runme.log
[Tue May 24 20:29:00 2022] Launched impl_1...
Run output will be captured here: C:/Users/Bulls/Desktop/lab7_athome/lab7_athome.runs/impl_1/runme.log
reset_run synth_1
launch_runs impl_1
[Tue May 24 20:31:05 2022] Launched synth_1...
Run output will be captured here: C:/Users/Bulls/Desktop/lab7_athome/lab7_athome.runs/synth_1/runme.log
[Tue May 24 20:31:05 2022] Launched impl_1...
Run output will be captured here: C:/Users/Bulls/Desktop/lab7_athome/lab7_athome.runs/impl_1/runme.log
reset_run synth_1
launch_runs impl_1
[Tue May 24 20:32:13 2022] Launched synth_1...
Run output will be captured here: C:/Users/Bulls/Desktop/lab7_athome/lab7_athome.runs/synth_1/runme.log
[Tue May 24 20:32:13 2022] Launched impl_1...
Run output will be captured here: C:/Users/Bulls/Desktop/lab7_athome/lab7_athome.runs/impl_1/runme.log
launch_runs impl_1 -to_step write_bitstream
[Tue May 24 20:35:01 2022] Launched impl_1...
Run output will be captured here: C:/Users/Bulls/Desktop/lab7_athome/lab7_athome.runs/impl_1/runme.log
open_hw
connect_hw_server
INFO: [Labtools 27-2285] Connecting to hw_server url TCP:localhost:3121
INFO: [Labtools 27-2222] Launching hw_server...
INFO: [Labtools 27-2221] Launch Output:

****** Xilinx hw_server v2019.1
  **** Build date : May 24 2019 at 15:13:31
    ** Copyright 1986-2019 Xilinx, Inc. All Rights Reserved.


open_hw_target
INFO: [Labtoolstcl 44-466] Opening hw_target localhost:3121/xilinx_tcf/Digilent/210183ACAA52A
set_property PROGRAM.FILE {C:/Users/Bulls/Desktop/lab7_athome/lab7_athome.runs/impl_1/toplevel.bit} [get_hw_devices xc7a35t_0]
current_hw_device [get_hw_devices xc7a35t_0]
refresh_hw_device -update_hw_probes false [lindex [get_hw_devices xc7a35t_0] 0]
INFO: [Labtools 27-1435] Device xc7a35t (JTAG device index = 0) is not programmed (DONE status = 0).
set_property PROBES.FILE {} [get_hw_devices xc7a35t_0]
set_property FULL_PROBES.FILE {} [get_hw_devices xc7a35t_0]
set_property PROGRAM.FILE {C:/Users/Bulls/Desktop/lab7_athome/lab7_athome.runs/impl_1/toplevel.bit} [get_hw_devices xc7a35t_0]
program_hw_devices [get_hw_devices xc7a35t_0]
INFO: [Labtools 27-3164] End of startup status: HIGH
refresh_hw_device [lindex [get_hw_devices xc7a35t_0] 0]
INFO: [Labtools 27-1434] Device xc7a35t (JTAG device index = 0) is programmed with a design that has no supported debug core(s) in it.
reset_run synth_1
launch_runs impl_1 -to_step write_bitstream
[Tue May 24 20:57:02 2022] Launched synth_1...
Run output will be captured here: C:/Users/Bulls/Desktop/lab7_athome/lab7_athome.runs/synth_1/runme.log
[Tue May 24 20:57:02 2022] Launched impl_1...
Run output will be captured here: C:/Users/Bulls/Desktop/lab7_athome/lab7_athome.runs/impl_1/runme.log
set_property PROBES.FILE {} [get_hw_devices xc7a35t_0]
set_property FULL_PROBES.FILE {} [get_hw_devices xc7a35t_0]
set_property PROGRAM.FILE {C:/Users/Bulls/Desktop/lab7_athome/lab7_athome.runs/impl_1/toplevel.bit} [get_hw_devices xc7a35t_0]
program_hw_devices [get_hw_devices xc7a35t_0]
INFO: [Labtools 27-3164] End of startup status: HIGH
refresh_hw_device [lindex [get_hw_devices xc7a35t_0] 0]
INFO: [Labtools 27-1434] Device xc7a35t (JTAG device index = 0) is programmed with a design that has no supported debug core(s) in it.
close_hw
reset_run synth_1
launch_runs impl_1
[Tue May 24 21:02:00 2022] Launched synth_1...
Run output will be captured here: C:/Users/Bulls/Desktop/lab7_athome/lab7_athome.runs/synth_1/runme.log
[Tue May 24 21:02:00 2022] Launched impl_1...
Run output will be captured here: C:/Users/Bulls/Desktop/lab7_athome/lab7_athome.runs/impl_1/runme.log
launch_runs impl_1 -to_step write_bitstream
[Tue May 24 21:04:05 2022] Launched impl_1...
Run output will be captured here: C:/Users/Bulls/Desktop/lab7_athome/lab7_athome.runs/impl_1/runme.log
open_hw
connect_hw_server
INFO: [Labtools 27-2285] Connecting to hw_server url TCP:localhost:3121
INFO: [Labtools 27-2222] Launching hw_server...
INFO: [Labtools 27-2221] Launch Output:

****** Xilinx hw_server v2019.1
  **** Build date : May 24 2019 at 15:13:31
    ** Copyright 1986-2019 Xilinx, Inc. All Rights Reserved.


open_hw_target
INFO: [Labtoolstcl 44-466] Opening hw_target localhost:3121/xilinx_tcf/Digilent/210183ACAA52A
set_property PROGRAM.FILE {C:/Users/Bulls/Desktop/lab7_athome/lab7_athome.runs/impl_1/toplevel.bit} [get_hw_devices xc7a35t_0]
current_hw_device [get_hw_devices xc7a35t_0]
refresh_hw_device -update_hw_probes false [lindex [get_hw_devices xc7a35t_0] 0]
INFO: [Labtools 27-1434] Device xc7a35t (JTAG device index = 0) is programmed with a design that has no supported debug core(s) in it.
set_property PROBES.FILE {} [get_hw_devices xc7a35t_0]
set_property FULL_PROBES.FILE {} [get_hw_devices xc7a35t_0]
set_property PROGRAM.FILE {C:/Users/Bulls/Desktop/lab7_athome/lab7_athome.runs/impl_1/toplevel.bit} [get_hw_devices xc7a35t_0]
program_hw_devices [get_hw_devices xc7a35t_0]
INFO: [Labtools 27-3164] End of startup status: HIGH
refresh_hw_device [lindex [get_hw_devices xc7a35t_0] 0]
INFO: [Labtools 27-1434] Device xc7a35t (JTAG device index = 0) is programmed with a design that has no supported debug core(s) in it.
reset_run synth_1
launch_runs impl_1 -to_step write_bitstream
[Tue May 24 21:06:49 2022] Launched synth_1...
Run output will be captured here: C:/Users/Bulls/Desktop/lab7_athome/lab7_athome.runs/synth_1/runme.log
[Tue May 24 21:06:49 2022] Launched impl_1...
Run output will be captured here: C:/Users/Bulls/Desktop/lab7_athome/lab7_athome.runs/impl_1/runme.log
set_property PROBES.FILE {} [get_hw_devices xc7a35t_0]
set_property FULL_PROBES.FILE {} [get_hw_devices xc7a35t_0]
set_property PROGRAM.FILE {C:/Users/Bulls/Desktop/lab7_athome/lab7_athome.runs/impl_1/toplevel.bit} [get_hw_devices xc7a35t_0]
program_hw_devices [get_hw_devices xc7a35t_0]
INFO: [Labtools 27-3164] End of startup status: HIGH
refresh_hw_device [lindex [get_hw_devices xc7a35t_0] 0]
INFO: [Labtools 27-1434] Device xc7a35t (JTAG device index = 0) is programmed with a design that has no supported debug core(s) in it.
ERROR: [Labtoolstcl 44-513] HW Target shutdown. Closing target: localhost:3121/xilinx_tcf/Digilent/210183ACAA52A
INFO: [Labtoolstcl 44-466] Opening hw_target localhost:3121/xilinx_tcf/Digilent/210183ACAA52A
INFO: [Labtools 27-1434] Device xc7a35t (JTAG device index = 0) is programmed with a design that has no supported debug core(s) in it.
WARNING: [Labtoolstcl 44-129] No matching hw_ila_data was found.
close_hw
open_hw
connect_hw_server
INFO: [Labtools 27-2285] Connecting to hw_server url TCP:localhost:3121
INFO: [Labtools 27-2222] Launching hw_server...
INFO: [Labtools 27-2221] Launch Output:

****** Xilinx hw_server v2019.1
  **** Build date : May 24 2019 at 15:13:31
    ** Copyright 1986-2019 Xilinx, Inc. All Rights Reserved.


open_hw_target
INFO: [Labtoolstcl 44-466] Opening hw_target localhost:3121/xilinx_tcf/Digilent/210183ACAA52A
set_property PROGRAM.FILE {C:/Users/Bulls/Desktop/lab7_athome/lab7_athome.runs/impl_1/toplevel.bit} [get_hw_devices xc7a35t_0]
current_hw_device [get_hw_devices xc7a35t_0]
refresh_hw_device -update_hw_probes false [lindex [get_hw_devices xc7a35t_0] 0]
INFO: [Labtools 27-1434] Device xc7a35t (JTAG device index = 0) is programmed with a design that has no supported debug core(s) in it.
set_property PROBES.FILE {} [get_hw_devices xc7a35t_0]
set_property FULL_PROBES.FILE {} [get_hw_devices xc7a35t_0]
set_property PROGRAM.FILE {C:/Users/Bulls/Desktop/testvgaB3.bit} [get_hw_devices xc7a35t_0]
program_hw_devices [get_hw_devices xc7a35t_0]
INFO: [Labtools 27-3164] End of startup status: HIGH
refresh_hw_device [lindex [get_hw_devices xc7a35t_0] 0]
INFO: [Labtools 27-1434] Device xc7a35t (JTAG device index = 0) is programmed with a design that has no supported debug core(s) in it.
reset_run synth_1
launch_runs impl_1 -to_step write_bitstream
[Tue May 24 21:12:54 2022] Launched synth_1...
Run output will be captured here: C:/Users/Bulls/Desktop/lab7_athome/lab7_athome.runs/synth_1/runme.log
[Tue May 24 21:12:54 2022] Launched impl_1...
Run output will be captured here: C:/Users/Bulls/Desktop/lab7_athome/lab7_athome.runs/impl_1/runme.log
set_property PROBES.FILE {} [get_hw_devices xc7a35t_0]
set_property FULL_PROBES.FILE {} [get_hw_devices xc7a35t_0]
set_property PROGRAM.FILE {C:/Users/Bulls/Desktop/lab7_athome/lab7_athome.runs/impl_1/toplevel.bit} [get_hw_devices xc7a35t_0]
program_hw_devices [get_hw_devices xc7a35t_0]
INFO: [Labtools 27-3164] End of startup status: HIGH
refresh_hw_device [lindex [get_hw_devices xc7a35t_0] 0]
INFO: [Labtools 27-1434] Device xc7a35t (JTAG device index = 0) is programmed with a design that has no supported debug core(s) in it.
close_hw
reset_run synth_1
launch_runs impl_1
[Tue May 24 21:30:22 2022] Launched synth_1...
Run output will be captured here: C:/Users/Bulls/Desktop/lab7_athome/lab7_athome.runs/synth_1/runme.log
[Tue May 24 21:30:22 2022] Launched impl_1...
Run output will be captured here: C:/Users/Bulls/Desktop/lab7_athome/lab7_athome.runs/impl_1/runme.log
launch_runs impl_1 -to_step write_bitstream
[Tue May 24 21:31:43 2022] Launched impl_1...
Run output will be captured here: C:/Users/Bulls/Desktop/lab7_athome/lab7_athome.runs/impl_1/runme.log
open_hw
connect_hw_server
INFO: [Labtools 27-2285] Connecting to hw_server url TCP:localhost:3121
INFO: [Labtools 27-2222] Launching hw_server...
INFO: [Labtools 27-2221] Launch Output:

****** Xilinx hw_server v2019.1
  **** Build date : May 24 2019 at 15:13:31
    ** Copyright 1986-2019 Xilinx, Inc. All Rights Reserved.


open_hw_target
INFO: [Labtoolstcl 44-466] Opening hw_target localhost:3121/xilinx_tcf/Digilent/210183ACAA52A
set_property PROGRAM.FILE {C:/Users/Bulls/Desktop/lab7_athome/lab7_athome.runs/impl_1/toplevel.bit} [get_hw_devices xc7a35t_0]
current_hw_device [get_hw_devices xc7a35t_0]
refresh_hw_device -update_hw_probes false [lindex [get_hw_devices xc7a35t_0] 0]
INFO: [Labtools 27-1434] Device xc7a35t (JTAG device index = 0) is programmed with a design that has no supported debug core(s) in it.
set_property PROBES.FILE {} [get_hw_devices xc7a35t_0]
set_property FULL_PROBES.FILE {} [get_hw_devices xc7a35t_0]
set_property PROGRAM.FILE {C:/Users/Bulls/Desktop/lab7_athome/lab7_athome.runs/impl_1/toplevel.bit} [get_hw_devices xc7a35t_0]
program_hw_devices [get_hw_devices xc7a35t_0]
INFO: [Labtools 27-3164] End of startup status: HIGH
refresh_hw_device [lindex [get_hw_devices xc7a35t_0] 0]
INFO: [Labtools 27-1434] Device xc7a35t (JTAG device index = 0) is programmed with a design that has no supported debug core(s) in it.
reset_run synth_1
launch_runs impl_1 -to_step write_bitstream
[Tue May 24 21:37:49 2022] Launched synth_1...
Run output will be captured here: C:/Users/Bulls/Desktop/lab7_athome/lab7_athome.runs/synth_1/runme.log
[Tue May 24 21:37:49 2022] Launched impl_1...
Run output will be captured here: C:/Users/Bulls/Desktop/lab7_athome/lab7_athome.runs/impl_1/runme.log
set_property PROBES.FILE {} [get_hw_devices xc7a35t_0]
set_property FULL_PROBES.FILE {} [get_hw_devices xc7a35t_0]
set_property PROGRAM.FILE {C:/Users/Bulls/Desktop/lab7_athome/lab7_athome.runs/impl_1/toplevel.bit} [get_hw_devices xc7a35t_0]
program_hw_devices [get_hw_devices xc7a35t_0]
INFO: [Labtools 27-3164] End of startup status: HIGH
refresh_hw_device [lindex [get_hw_devices xc7a35t_0] 0]
INFO: [Labtools 27-1434] Device xc7a35t (JTAG device index = 0) is programmed with a design that has no supported debug core(s) in it.
close_hw
import_files -norecurse {C:/Users/Bulls/Desktop/lab_4/lab_4.srcs/sources_1/new/Ring_Counter.v C:/Users/Bulls/Desktop/lab_4/lab_4.srcs/sources_1/new/Selector.v}
update_compile_order -fileset sources_1
import_files -norecurse {C:/Users/Bulls/Desktop/Lab_3/Lab_3.srcs/sources_1/new/m8_1.v C:/Users/Bulls/Desktop/Lab_3/Lab_3.srcs/sources_1/new/SevSeg.v}
update_compile_order -fileset sources_1
update_compile_order -fileset sources_1
reset_run synth_1
launch_runs impl_1
[Tue May 24 21:48:30 2022] Launched synth_1...
Run output will be captured here: C:/Users/Bulls/Desktop/lab7_athome/lab7_athome.runs/synth_1/runme.log
[Tue May 24 21:48:30 2022] Launched impl_1...
Run output will be captured here: C:/Users/Bulls/Desktop/lab7_athome/lab7_athome.runs/impl_1/runme.log
launch_runs impl_1 -to_step write_bitstream
[Tue May 24 21:50:43 2022] Launched impl_1...
Run output will be captured here: C:/Users/Bulls/Desktop/lab7_athome/lab7_athome.runs/impl_1/runme.log
open_hw
connect_hw_server
INFO: [Labtools 27-2285] Connecting to hw_server url TCP:localhost:3121
INFO: [Labtools 27-2222] Launching hw_server...
INFO: [Labtools 27-2221] Launch Output:

****** Xilinx hw_server v2019.1
  **** Build date : May 24 2019 at 15:13:31
    ** Copyright 1986-2019 Xilinx, Inc. All Rights Reserved.


open_hw_target
INFO: [Labtoolstcl 44-466] Opening hw_target localhost:3121/xilinx_tcf/Digilent/210183ACAA52A
set_property PROGRAM.FILE {C:/Users/Bulls/Desktop/lab7_athome/lab7_athome.runs/impl_1/toplevel.bit} [get_hw_devices xc7a35t_0]
current_hw_device [get_hw_devices xc7a35t_0]
refresh_hw_device -update_hw_probes false [lindex [get_hw_devices xc7a35t_0] 0]
INFO: [Labtools 27-1434] Device xc7a35t (JTAG device index = 0) is programmed with a design that has no supported debug core(s) in it.
set_property PROBES.FILE {} [get_hw_devices xc7a35t_0]
set_property FULL_PROBES.FILE {} [get_hw_devices xc7a35t_0]
set_property PROGRAM.FILE {C:/Users/Bulls/Desktop/lab7_athome/lab7_athome.runs/impl_1/toplevel.bit} [get_hw_devices xc7a35t_0]
program_hw_devices [get_hw_devices xc7a35t_0]
INFO: [Labtools 27-3164] End of startup status: HIGH
refresh_hw_device [lindex [get_hw_devices xc7a35t_0] 0]
INFO: [Labtools 27-1434] Device xc7a35t (JTAG device index = 0) is programmed with a design that has no supported debug core(s) in it.
reset_run synth_1
launch_runs impl_1 -to_step write_bitstream
[Tue May 24 21:55:55 2022] Launched synth_1...
Run output will be captured here: C:/Users/Bulls/Desktop/lab7_athome/lab7_athome.runs/synth_1/runme.log
[Tue May 24 21:55:55 2022] Launched impl_1...
Run output will be captured here: C:/Users/Bulls/Desktop/lab7_athome/lab7_athome.runs/impl_1/runme.log
set_property PROBES.FILE {} [get_hw_devices xc7a35t_0]
set_property FULL_PROBES.FILE {} [get_hw_devices xc7a35t_0]
set_property PROGRAM.FILE {C:/Users/Bulls/Desktop/lab7_athome/lab7_athome.runs/impl_1/toplevel.bit} [get_hw_devices xc7a35t_0]
program_hw_devices [get_hw_devices xc7a35t_0]
INFO: [Labtools 27-3164] End of startup status: HIGH
refresh_hw_device [lindex [get_hw_devices xc7a35t_0] 0]
INFO: [Labtools 27-1434] Device xc7a35t (JTAG device index = 0) is programmed with a design that has no supported debug core(s) in it.
reset_run synth_1
launch_runs impl_1 -to_step write_bitstream
[Tue May 24 22:01:13 2022] Launched synth_1...
Run output will be captured here: C:/Users/Bulls/Desktop/lab7_athome/lab7_athome.runs/synth_1/runme.log
[Tue May 24 22:01:13 2022] Launched impl_1...
Run output will be captured here: C:/Users/Bulls/Desktop/lab7_athome/lab7_athome.runs/impl_1/runme.log
set_property PROBES.FILE {} [get_hw_devices xc7a35t_0]
set_property FULL_PROBES.FILE {} [get_hw_devices xc7a35t_0]
set_property PROGRAM.FILE {C:/Users/Bulls/Desktop/lab7_athome/lab7_athome.runs/impl_1/toplevel.bit} [get_hw_devices xc7a35t_0]
program_hw_devices [get_hw_devices xc7a35t_0]
INFO: [Labtools 27-3164] End of startup status: HIGH
refresh_hw_device [lindex [get_hw_devices xc7a35t_0] 0]
INFO: [Labtools 27-1434] Device xc7a35t (JTAG device index = 0) is programmed with a design that has no supported debug core(s) in it.
reset_run synth_1
launch_runs impl_1 -to_step write_bitstream
[Tue May 24 22:03:54 2022] Launched synth_1...
Run output will be captured here: C:/Users/Bulls/Desktop/lab7_athome/lab7_athome.runs/synth_1/runme.log
[Tue May 24 22:03:54 2022] Launched impl_1...
Run output will be captured here: C:/Users/Bulls/Desktop/lab7_athome/lab7_athome.runs/impl_1/runme.log
set_property PROBES.FILE {} [get_hw_devices xc7a35t_0]
set_property FULL_PROBES.FILE {} [get_hw_devices xc7a35t_0]
set_property PROGRAM.FILE {C:/Users/Bulls/Desktop/lab7_athome/lab7_athome.runs/impl_1/toplevel.bit} [get_hw_devices xc7a35t_0]
program_hw_devices [get_hw_devices xc7a35t_0]
INFO: [Labtools 27-3164] End of startup status: HIGH
refresh_hw_device [lindex [get_hw_devices xc7a35t_0] 0]
INFO: [Labtools 27-1434] Device xc7a35t (JTAG device index = 0) is programmed with a design that has no supported debug core(s) in it.
close_hw
reset_run synth_1
launch_runs impl_1 -to_step write_bitstream
[Tue May 24 22:10:58 2022] Launched synth_1...
Run output will be captured here: C:/Users/Bulls/Desktop/lab7_athome/lab7_athome.runs/synth_1/runme.log
[Tue May 24 22:10:58 2022] Launched impl_1...
Run output will be captured here: C:/Users/Bulls/Desktop/lab7_athome/lab7_athome.runs/impl_1/runme.log
open_hw
connect_hw_server
INFO: [Labtools 27-2285] Connecting to hw_server url TCP:localhost:3121
INFO: [Labtools 27-2222] Launching hw_server...
INFO: [Labtools 27-2221] Launch Output:

****** Xilinx hw_server v2019.1
  **** Build date : May 24 2019 at 15:13:31
    ** Copyright 1986-2019 Xilinx, Inc. All Rights Reserved.


open_hw_target
INFO: [Labtoolstcl 44-466] Opening hw_target localhost:3121/xilinx_tcf/Digilent/210183ACAA52A
set_property PROGRAM.FILE {C:/Users/Bulls/Desktop/lab7_athome/lab7_athome.runs/impl_1/toplevel.bit} [get_hw_devices xc7a35t_0]
current_hw_device [get_hw_devices xc7a35t_0]
refresh_hw_device -update_hw_probes false [lindex [get_hw_devices xc7a35t_0] 0]
INFO: [Labtools 27-1434] Device xc7a35t (JTAG device index = 0) is programmed with a design that has no supported debug core(s) in it.
set_property PROBES.FILE {} [get_hw_devices xc7a35t_0]
set_property FULL_PROBES.FILE {} [get_hw_devices xc7a35t_0]
set_property PROGRAM.FILE {C:/Users/Bulls/Desktop/lab7_athome/lab7_athome.runs/impl_1/toplevel.bit} [get_hw_devices xc7a35t_0]
program_hw_devices [get_hw_devices xc7a35t_0]
INFO: [Labtools 27-3164] End of startup status: HIGH
refresh_hw_device [lindex [get_hw_devices xc7a35t_0] 0]
INFO: [Labtools 27-1434] Device xc7a35t (JTAG device index = 0) is programmed with a design that has no supported debug core(s) in it.
reset_run synth_1
launch_runs impl_1 -to_step write_bitstream
[Tue May 24 22:17:17 2022] Launched synth_1...
Run output will be captured here: C:/Users/Bulls/Desktop/lab7_athome/lab7_athome.runs/synth_1/runme.log
[Tue May 24 22:17:17 2022] Launched impl_1...
Run output will be captured here: C:/Users/Bulls/Desktop/lab7_athome/lab7_athome.runs/impl_1/runme.log
set_property PROBES.FILE {} [get_hw_devices xc7a35t_0]
set_property FULL_PROBES.FILE {} [get_hw_devices xc7a35t_0]
set_property PROGRAM.FILE {C:/Users/Bulls/Desktop/lab7_athome/lab7_athome.runs/impl_1/toplevel.bit} [get_hw_devices xc7a35t_0]
program_hw_devices [get_hw_devices xc7a35t_0]
INFO: [Labtools 27-3164] End of startup status: HIGH
refresh_hw_device [lindex [get_hw_devices xc7a35t_0] 0]
INFO: [Labtools 27-1434] Device xc7a35t (JTAG device index = 0) is programmed with a design that has no supported debug core(s) in it.
reset_run synth_1
launch_runs impl_1 -to_step write_bitstream
[Tue May 24 22:20:50 2022] Launched synth_1...
Run output will be captured here: C:/Users/Bulls/Desktop/lab7_athome/lab7_athome.runs/synth_1/runme.log
[Tue May 24 22:20:50 2022] Launched impl_1...
Run output will be captured here: C:/Users/Bulls/Desktop/lab7_athome/lab7_athome.runs/impl_1/runme.log
open_run impl_1
INFO: [Device 21-403] Loading part xc7a35tcpg236-1
INFO: [Common 17-41] Interrupt caught. Command should exit soon.
INFO: [Netlist 29-17] Analyzing 10 Unisim elements for replacement
INFO: [Netlist 29-28] Unisim Transformation completed in 0 CPU seconds
INFO: [Project 1-479] Netlist was created with Vivado 2019.1
open_run: Time (s): cpu = 00:00:07 ; elapsed = 00:00:09 . Memory (MB): peak = 2356.492 ; gain = 225.949
INFO: [Common 17-344] 'open_run' was cancelled
set_property PROBES.FILE {} [get_hw_devices xc7a35t_0]
set_property FULL_PROBES.FILE {} [get_hw_devices xc7a35t_0]
set_property PROGRAM.FILE {C:/Users/Bulls/Desktop/lab7_athome/lab7_athome.runs/impl_1/toplevel.bit} [get_hw_devices xc7a35t_0]
program_hw_devices [get_hw_devices xc7a35t_0]
INFO: [Labtools 27-3164] End of startup status: HIGH
refresh_hw_device [lindex [get_hw_devices xc7a35t_0] 0]
INFO: [Labtools 27-1434] Device xc7a35t (JTAG device index = 0) is programmed with a design that has no supported debug core(s) in it.
reset_run synth_1
launch_runs impl_1 -to_step write_bitstream
[Tue May 24 22:25:22 2022] Launched synth_1...
Run output will be captured here: C:/Users/Bulls/Desktop/lab7_athome/lab7_athome.runs/synth_1/runme.log
[Tue May 24 22:25:22 2022] Launched impl_1...
Run output will be captured here: C:/Users/Bulls/Desktop/lab7_athome/lab7_athome.runs/impl_1/runme.log
set_property PROBES.FILE {} [get_hw_devices xc7a35t_0]
set_property FULL_PROBES.FILE {} [get_hw_devices xc7a35t_0]
set_property PROGRAM.FILE {C:/Users/Bulls/Desktop/lab7_athome/lab7_athome.runs/impl_1/toplevel.bit} [get_hw_devices xc7a35t_0]
program_hw_devices [get_hw_devices xc7a35t_0]
INFO: [Labtools 27-3164] End of startup status: HIGH
refresh_hw_device [lindex [get_hw_devices xc7a35t_0] 0]
INFO: [Labtools 27-1434] Device xc7a35t (JTAG device index = 0) is programmed with a design that has no supported debug core(s) in it.
reset_run synth_1
launch_runs impl_1 -to_step write_bitstream
[Tue May 24 22:28:51 2022] Launched synth_1...
Run output will be captured here: C:/Users/Bulls/Desktop/lab7_athome/lab7_athome.runs/synth_1/runme.log
[Tue May 24 22:28:51 2022] Launched impl_1...
Run output will be captured here: C:/Users/Bulls/Desktop/lab7_athome/lab7_athome.runs/impl_1/runme.log
set_property PROBES.FILE {} [get_hw_devices xc7a35t_0]
set_property FULL_PROBES.FILE {} [get_hw_devices xc7a35t_0]
set_property PROGRAM.FILE {C:/Users/Bulls/Desktop/lab7_athome/lab7_athome.runs/impl_1/toplevel.bit} [get_hw_devices xc7a35t_0]
program_hw_devices [get_hw_devices xc7a35t_0]
INFO: [Labtools 27-3164] End of startup status: HIGH
refresh_hw_device [lindex [get_hw_devices xc7a35t_0] 0]
INFO: [Labtools 27-1434] Device xc7a35t (JTAG device index = 0) is programmed with a design that has no supported debug core(s) in it.
ERROR: [Labtoolstcl 44-513] HW Target shutdown. Closing target: localhost:3121/xilinx_tcf/Digilent/210183ACAA52A
exit
INFO: [Common 17-206] Exiting Vivado at Tue May 24 22:38:39 2022...
