#-----------------------------------------------------------
# Vivado v2019.1 (64-bit)
# SW Build 2552052 on Fri May 24 14:49:42 MDT 2019
# IP Build 2548770 on Fri May 24 18:01:18 MDT 2019
# Start of session at: Mon Feb 13 13:36:45 2023
# Process ID: 12876
# Current directory: C:/Users/Bulls/Desktop/cse100 all labs/Lab_5
# Command line: vivado.exe -gui_launcher_event rodinguilauncherevent24912 C:\Users\Bulls\Desktop\cse100 all labs\Lab_5\Lab_5.xpr
# Log file: C:/Users/Bulls/Desktop/cse100 all labs/Lab_5/vivado.log
# Journal file: C:/Users/Bulls/Desktop/cse100 all labs/Lab_5\vivado.jou
#-----------------------------------------------------------
start_gui
open_project {C:/Users/Bulls/Desktop/cse100 all labs/Lab_5/Lab_5.xpr}
INFO: [Project 1-313] Project file moved from 'C:/Users/Bulls/Desktop/Lab_5' since last save.
Scanning sources...
Finished scanning sources
INFO: [IP_Flow 19-234] Refreshing IP repositories
INFO: [IP_Flow 19-1704] No user IP repositories specified
INFO: [IP_Flow 19-2313] Loaded Vivado IP repository 'C:/Xilinx/Vivado/2019.1/data/ip'.
open_project: Time (s): cpu = 00:00:18 ; elapsed = 00:00:12 . Memory (MB): peak = 788.445 ; gain = 162.152
update_compile_order -fileset sources_1
exit
INFO: [Common 17-206] Exiting Vivado at Mon Feb 13 13:39:40 2023...
