Vivado Simulator 2019.1
Copyright 1986-1999, 2001-2019 Xilinx, Inc. All Rights Reserved.
Running: C:/Xilinx/Vivado/2019.1/bin/unwrapped/win64.o/xelab.exe -wto f9829b32d4614e3caa8621af30df3455 --incr --debug typical --relax --mt 2 -L xil_defaultlib -L unisims_ver -L unimacro_ver -L secureip --snapshot testSyncs_behav xil_defaultlib.testSyncs xil_defaultlib.glbl -log elaborate.log 
Using 2 slave threads.
Starting static elaboration
WARNING: [VRFC 10-3091] actual bit length 14 differs from formal bit length 16 for port 'N' [C:/Users/Bulls/Desktop/lab7_athome/lab7_athome.srcs/sources_1/new/toplevel.v:135]
Completed static elaboration
Starting simulation data flow analysis
Completed simulation data flow analysis
Time Resolution for simulation is 1ps
Compiling module unisims_ver.IBUF
Compiling module unisims_ver.MMCME2_ADV(CLKFBOUT_MULT_F=9.125...
Compiling module unisims_ver.BUFG
Compiling module xil_defaultlib.clk_wiz_0
Compiling module unisims_ver.x_lut2_mux4
Compiling module unisims_ver.LUT2
Compiling module unisims_ver.XOR2
Compiling module unisims_ver.FDCE_default
Compiling module xil_defaultlib.FTCE_MXILINX_clkcntrl4
Compiling module unisims_ver.LUT4
Compiling module unisims_ver.AND4
Compiling module unisims_ver.x_lut3_mux8
Compiling module unisims_ver.LUT3
Compiling module unisims_ver.AND3
Compiling module unisims_ver.AND2
Compiling module unisims_ver.VCC
Compiling module xil_defaultlib.CB4CE_MXILINX_clkcntrl4
Compiling module unisims_ver.BUF
Compiling module xil_defaultlib.clkcntrl4
Compiling module unisims_ver.STARTUPE2
Compiling module xil_defaultlib.lab7_clks
Compiling module unisims_ver.FDRE_default
Compiling module xil_defaultlib.countUD4L
Compiling module xil_defaultlib.countUD16L
Compiling module xil_defaultlib.vga_setup
Compiling module xil_defaultlib.synchronizer
Compiling module xil_defaultlib.water
Compiling module xil_defaultlib.frog
Compiling module xil_defaultlib.cactus
Compiling module xil_defaultlib.col
Compiling module unisims_ver.FDRE(INIT=1'b1)
Compiling module xil_defaultlib.SM
Compiling module xil_defaultlib.RNG
Compiling module xil_defaultlib.Ring_Counter
Compiling module xil_defaultlib.Selector
Compiling module xil_defaultlib.m8_1
Compiling module xil_defaultlib.SevSeg
Compiling module xil_defaultlib.toplevel
Compiling module xil_defaultlib.check_the_sync_signals
Compiling module xil_defaultlib.check_the_rgb_signals
Compiling module xil_defaultlib.testSyncs
Compiling module xil_defaultlib.glbl
Built simulation snapshot testSyncs_behav
