INFO: [VRFC 10-2263] Analyzing Verilog file "C:/Users/Bulls/Desktop/lab7_athome/lab7_athome.srcs/sources_1/imports/new/RNG.v" into library xil_defaultlib
INFO: [VRFC 10-311] analyzing module RNG
INFO: [VRFC 10-2263] Analyzing Verilog file "C:/Users/Bulls/Desktop/lab7_athome/lab7_athome.srcs/sources_1/imports/new/Ring_Counter.v" into library xil_defaultlib
INFO: [VRFC 10-311] analyzing module Ring_Counter
INFO: [VRFC 10-2263] Analyzing Verilog file "C:/Users/Bulls/Desktop/lab7_athome/lab7_athome.srcs/sources_1/new/SM.v" into library xil_defaultlib
INFO: [VRFC 10-311] analyzing module SM
INFO: [VRFC 10-2263] Analyzing Verilog file "C:/Users/Bulls/Desktop/lab7_athome/lab7_athome.srcs/sources_1/imports/new/Selector.v" into library xil_defaultlib
INFO: [VRFC 10-311] analyzing module Selector
INFO: [VRFC 10-2263] Analyzing Verilog file "C:/Users/Bulls/Desktop/lab7_athome/lab7_athome.srcs/sources_1/imports/new/SevSeg.v" into library xil_defaultlib
INFO: [VRFC 10-311] analyzing module SevSeg
INFO: [VRFC 10-2263] Analyzing Verilog file "C:/Users/Bulls/Desktop/lab7_athome/lab7_athome.srcs/sources_1/new/cactus.v" into library xil_defaultlib
INFO: [VRFC 10-311] analyzing module cactus
INFO: [VRFC 10-2263] Analyzing Verilog file "C:/Users/Bulls/Desktop/lab7_athome/lab7_athome.srcs/sources_1/new/colision.v" into library xil_defaultlib
INFO: [VRFC 10-311] analyzing module col
INFO: [VRFC 10-2263] Analyzing Verilog file "C:/Users/Bulls/Desktop/lab7_athome/lab7_athome.srcs/sources_1/imports/new/countUD16L.v" into library xil_defaultlib
INFO: [VRFC 10-311] analyzing module countUD16L
INFO: [VRFC 10-2263] Analyzing Verilog file "C:/Users/Bulls/Desktop/lab7_athome/lab7_athome.srcs/sources_1/imports/new/countUD4L.v" into library xil_defaultlib
INFO: [VRFC 10-311] analyzing module countUD4L
INFO: [VRFC 10-2263] Analyzing Verilog file "C:/Users/Bulls/Desktop/lab7_athome/lab7_athome.srcs/sources_1/new/frog.v" into library xil_defaultlib
INFO: [VRFC 10-311] analyzing module frog
INFO: [VRFC 10-2263] Analyzing Verilog file "C:/Users/Bulls/Desktop/lab7_athome/lab7_athome.srcs/sources_1/imports/Desktop/lab7_clks.v" into library xil_defaultlib
INFO: [VRFC 10-311] analyzing module lab7_clks
INFO: [VRFC 10-311] analyzing module clk_wiz_0
INFO: [VRFC 10-311] analyzing module clkcntrl4
INFO: [VRFC 10-311] analyzing module FTCE_MXILINX_clkcntrl4
INFO: [VRFC 10-311] analyzing module CB4CE_MXILINX_clkcntrl4
INFO: [VRFC 10-2263] Analyzing Verilog file "C:/Users/Bulls/Desktop/lab7_athome/lab7_athome.srcs/sources_1/imports/new/m8_1.v" into library xil_defaultlib
INFO: [VRFC 10-311] analyzing module m8_1
INFO: [VRFC 10-2263] Analyzing Verilog file "C:/Users/Bulls/Desktop/lab7_athome/lab7_athome.srcs/sources_1/imports/new/synchronizer.v" into library xil_defaultlib
INFO: [VRFC 10-311] analyzing module synchronizer
INFO: [VRFC 10-2263] Analyzing Verilog file "C:/Users/Bulls/Desktop/lab7_athome/lab7_athome.srcs/sources_1/new/toplevel.v" into library xil_defaultlib
INFO: [VRFC 10-311] analyzing module toplevel
INFO: [VRFC 10-2263] Analyzing Verilog file "C:/Users/Bulls/Desktop/lab7_athome/lab7_athome.srcs/sources_1/new/vga_setup.v" into library xil_defaultlib
INFO: [VRFC 10-311] analyzing module vga_setup
INFO: [VRFC 10-2263] Analyzing Verilog file "C:/Users/Bulls/Desktop/lab7_athome/lab7_athome.srcs/sources_1/new/water.v" into library xil_defaultlib
INFO: [VRFC 10-311] analyzing module water
INFO: [VRFC 10-2263] Analyzing Verilog file "C:/Users/Bulls/Desktop/lab7_athome/lab7_athome.srcs/sim_1/imports/Desktop/test2.v" into library xil_defaultlib
INFO: [VRFC 10-311] analyzing module testSyncs
INFO: [VRFC 10-311] analyzing module check_the_sync_signals
INFO: [VRFC 10-311] analyzing module check_the_rgb_signals
